#
# There is insufficient memory for the Java Runtime Environment to continue.
# Native memory allocation (malloc) failed to allocate 32744 bytes for Chunk::new
# Possible reasons:
#   The system is out of physical RAM or swap space
#   The process is running with CompressedOops enabled, and the Java Heap may be blocking the growth of the native heap
# Possible solutions:
#   Reduce memory load on the system
#   Increase physical memory or swap space
#   Check if swap backing store is full
#   Decrease Java heap size (-Xmx/-Xms)
#   Decrease number of Java threads
#   Decrease Java thread stack sizes (-Xss)
#   Set larger code cache with -XX:ReservedCodeCacheSize=
#   JVM is running with Unscaled Compressed Oops mode in which the Java heap is
#     placed in the first 4GB address space. The Java Heap base address is the
#     maximum limit for the native heap growth. Please use -XX:HeapBaseMinAddress
#     to set the Java Heap base and to place the Java Heap above 4GB virtual address.
# This output file may be truncated or incomplete.
#
#  Out of Memory Error (arena.cpp:166), pid=18240, tid=13356
#
# JRE version: Java(TM) SE Runtime Environment (21.0+35) (build 21+35-LTS-2513)
# Java VM: Java HotSpot(TM) 64-Bit Server VM (21+35-LTS-2513, mixed mode, sharing, tiered, compressed oops, compressed class ptrs, g1 gc, windows-amd64)
# No core dump will be written. Minidumps are not enabled by default on client versions of Windows
#

---------------  S U M M A R Y ------------

Command Line: --add-opens=java.base/java.util=ALL-UNNAMED --add-opens=java.base/java.lang=ALL-UNNAMED --add-opens=java.base/java.lang.invoke=ALL-UNNAMED --add-opens=java.prefs/java.util.prefs=ALL-UNNAMED --add-opens=java.base/java.nio.charset=ALL-UNNAMED --add-opens=java.base/java.net=ALL-UNNAMED --add-opens=java.base/java.util.concurrent.atomic=ALL-UNNAMED -Xmx2048m -Dfile.encoding=UTF-8 -Duser.country=IN -Duser.language=en -Duser.variant org.gradle.launcher.daemon.bootstrap.GradleDaemon 8.0

Host: 11th Gen Intel(R) Core(TM) i5-1135G7 @ 2.40GHz, 8 cores, 15G,  Windows 11 , 64 bit Build 22621 (10.0.22621.2215)
Time: Tue Sep 26 12:30:40 2023 India Standard Time elapsed time: 6.820556 seconds (0d 0h 0m 6s)

---------------  T H R E A D  ---------------

Current thread (0x00000239237ba6a0):  JavaThread "C2 CompilerThread1" daemon [_thread_in_native, id=13356, stack(0x000000e9af200000,0x000000e9af300000) (1024K)]


Current CompileTask:
C2:   6820 6877       4       org.jetbrains.kotlin.metadata.ProtoBuf$Type::writeTo (354 bytes)

Stack: [0x000000e9af200000,0x000000e9af300000]
Native frames: (J=compiled Java code, j=interpreted, Vv=VM code, C=native code)
V  [jvm.dll+0x6c8d39]
V  [jvm.dll+0x854091]
V  [jvm.dll+0x85630e]
V  [jvm.dll+0x8569e3]
V  [jvm.dll+0x2809a6]
V  [jvm.dll+0xc3e6d]
V  [jvm.dll+0xc4383]
V  [jvm.dll+0x1460be]
V  [jvm.dll+0x145092]
V  [jvm.dll+0x6ce368]
V  [jvm.dll+0x249bcd]
V  [jvm.dll+0x248de1]
V  [jvm.dll+0x1c9b91]
V  [jvm.dll+0x2583e9]
V  [jvm.dll+0x2569ca]
V  [jvm.dll+0x3eef66]
V  [jvm.dll+0x7fd2c8]
V  [jvm.dll+0x6c748d]
C  [ucrtbase.dll+0x29363]
C  [KERNEL32.DLL+0x1257d]
C  [ntdll.dll+0x5aa68]


---------------  P R O C E S S  ---------------

Threads class SMR info:
_java_thread_list=0x000002396e3f73b0, length=43, elements={
0x0000023904babf80, 0x00000239237a5010, 0x00000239237a6020, 0x00000239237ac2f0,
0x00000239237aef50, 0x00000239237afeb0, 0x00000239237b0a00, 0x00000239237b2fe0,
0x00000239237b7dc0, 0x0000023923983760, 0x00000239239841e0, 0x000002396a4329f0,
0x000002396a19cfe0, 0x000002396a7a3600, 0x000002396a317580, 0x000002396a341440,
0x000002396ad9f3a0, 0x000002396ad9fa10, 0x000002396aabdc70, 0x000002396aabe990,
0x000002396aabc8c0, 0x000002396aabe300, 0x000002396aabd5e0, 0x000002396aabb510,
0x000002396aabcf50, 0x000002396adc4bc0, 0x000002396adc5250, 0x000002396adc2af0,
0x000002396adc3180, 0x000002396adc3810, 0x000002396adc3ea0, 0x000002396adc2460,
0x000002396adc4530, 0x000002396adc58e0, 0x000002396b907080, 0x000002396b902ee0,
0x000002396b904920, 0x000002396b903570, 0x000002396b900780, 0x000002396b905cd0,
0x000002396b903c00, 0x00000239237ba6a0, 0x00000239237b8490
}

Java Threads: ( => current thread )
  0x0000023904babf80 JavaThread "main"                              [_thread_blocked, id=20408, stack(0x000000e9ae000000,0x000000e9ae100000) (1024K)]
  0x00000239237a5010 JavaThread "Reference Handler"          daemon [_thread_blocked, id=19296, stack(0x000000e9ae800000,0x000000e9ae900000) (1024K)]
  0x00000239237a6020 JavaThread "Finalizer"                  daemon [_thread_blocked, id=2504, stack(0x000000e9ae900000,0x000000e9aea00000) (1024K)]
  0x00000239237ac2f0 JavaThread "Signal Dispatcher"          daemon [_thread_blocked, id=11380, stack(0x000000e9aea00000,0x000000e9aeb00000) (1024K)]
  0x00000239237aef50 JavaThread "Attach Listener"            daemon [_thread_blocked, id=13596, stack(0x000000e9aeb00000,0x000000e9aec00000) (1024K)]
  0x00000239237afeb0 JavaThread "Service Thread"             daemon [_thread_blocked, id=21652, stack(0x000000e9aec00000,0x000000e9aed00000) (1024K)]
  0x00000239237b0a00 JavaThread "Monitor Deflation Thread"   daemon [_thread_blocked, id=12312, stack(0x000000e9aed00000,0x000000e9aee00000) (1024K)]
  0x00000239237b2fe0 JavaThread "C2 CompilerThread0"         daemon [_thread_in_native, id=1564, stack(0x000000e9aee00000,0x000000e9aef00000) (1024K)]
  0x00000239237b7dc0 JavaThread "C1 CompilerThread0"         daemon [_thread_blocked, id=3812, stack(0x000000e9aef00000,0x000000e9af000000) (1024K)]
  0x0000023923983760 JavaThread "Common-Cleaner"             daemon [_thread_blocked, id=13956, stack(0x000000e9af000000,0x000000e9af100000) (1024K)]
  0x00000239239841e0 JavaThread "Notification Thread"        daemon [_thread_blocked, id=12576, stack(0x000000e9af100000,0x000000e9af200000) (1024K)]
  0x000002396a4329f0 JavaThread "Daemon health stats"               [_thread_blocked, id=4836, stack(0x000000e9af900000,0x000000e9afa00000) (1024K)]
  0x000002396a19cfe0 JavaThread "Incoming local TCP Connector on port 50863"        [_thread_in_native, id=21324, stack(0x000000e9afa00000,0x000000e9afb00000) (1024K)]
  0x000002396a7a3600 JavaThread "Daemon periodic checks"            [_thread_blocked, id=13480, stack(0x000000e9afb00000,0x000000e9afc00000) (1024K)]
  0x000002396a317580 JavaThread "Daemon"                            [_thread_blocked, id=15884, stack(0x000000e9afc00000,0x000000e9afd00000) (1024K)]
  0x000002396a341440 JavaThread "Handler for socket connection from /127.0.0.1:50863 to /127.0.0.1:50864"        [_thread_in_native, id=12136, stack(0x000000e9afd00000,0x000000e9afe00000) (1024K)]
  0x000002396ad9f3a0 JavaThread "Cancel handler"                    [_thread_blocked, id=7040, stack(0x000000e9afe00000,0x000000e9aff00000) (1024K)]
  0x000002396ad9fa10 JavaThread "Daemon worker"                     [_thread_in_Java, id=9232, stack(0x000000e9aff00000,0x000000e9b0000000) (1024K)]
  0x000002396aabdc70 JavaThread "Asynchronous log dispatcher for DefaultDaemonConnection: socket connection from /127.0.0.1:50863 to /127.0.0.1:50864"        [_thread_blocked, id=18320, stack(0x000000e9b0000000,0x000000e9b0100000) (1024K)]
  0x000002396aabe990 JavaThread "Stdin handler"                     [_thread_blocked, id=14368, stack(0x000000e9b0100000,0x000000e9b0200000) (1024K)]
  0x000002396aabc8c0 JavaThread "Daemon client event forwarder"        [_thread_blocked, id=21180, stack(0x000000e9b0200000,0x000000e9b0300000) (1024K)]
  0x000002396aabe300 JavaThread "Cache worker for journal cache (C:\Users\HP\.gradle\caches\journal-1)"        [_thread_blocked, id=15120, stack(0x000000e9b0300000,0x000000e9b0400000) (1024K)]
  0x000002396aabd5e0 JavaThread "File lock request listener"        [_thread_in_native, id=17332, stack(0x000000e9b0400000,0x000000e9b0500000) (1024K)]
  0x000002396aabb510 JavaThread "Cache worker for file hash cache (C:\Users\HP\.gradle\caches\8.0\fileHashes)"        [_thread_blocked, id=10940, stack(0x000000e9b0500000,0x000000e9b0600000) (1024K)]
  0x000002396aabcf50 JavaThread "File watcher server"        daemon [_thread_in_native, id=6032, stack(0x000000e9b0600000,0x000000e9b0700000) (1024K)]
  0x000002396adc4bc0 JavaThread "File watcher consumer"      daemon [_thread_blocked, id=7112, stack(0x000000e9b0700000,0x000000e9b0800000) (1024K)]
  0x000002396adc5250 JavaThread "jar transforms"                    [_thread_blocked, id=13508, stack(0x000000e9b0b00000,0x000000e9b0c00000) (1024K)]
  0x000002396adc2af0 JavaThread "jar transforms Thread 2"           [_thread_blocked, id=10156, stack(0x000000e9b0c00000,0x000000e9b0d00000) (1024K)]
  0x000002396adc3180 JavaThread "jar transforms Thread 3"           [_thread_blocked, id=16380, stack(0x000000e9b0d00000,0x000000e9b0e00000) (1024K)]
  0x000002396adc3810 JavaThread "jar transforms Thread 4"           [_thread_blocked, id=12132, stack(0x000000e9b0e00000,0x000000e9b0f00000) (1024K)]
  0x000002396adc3ea0 JavaThread "jar transforms Thread 5"           [_thread_blocked, id=2552, stack(0x000000e9b0f00000,0x000000e9b1000000) (1024K)]
  0x000002396adc2460 JavaThread "jar transforms Thread 6"           [_thread_blocked, id=4576, stack(0x000000e9b1000000,0x000000e9b1100000) (1024K)]
  0x000002396adc4530 JavaThread "jar transforms Thread 7"           [_thread_blocked, id=6496, stack(0x000000e9b1100000,0x000000e9b1200000) (1024K)]
  0x000002396adc58e0 JavaThread "jar transforms Thread 8"           [_thread_blocked, id=3528, stack(0x000000e9b1200000,0x000000e9b1300000) (1024K)]
  0x000002396b907080 JavaThread "Cache worker for checksums cache (C:\Users\HP\AndroidStudioProjects\deliveryFood\.gradle\8.0\checksums)"        [_thread_blocked, id=20160, stack(0x000000e9b1300000,0x000000e9b1400000) (1024K)]
  0x000002396b902ee0 JavaThread "Cache worker for cache directory md-rule (C:\Users\HP\.gradle\caches\8.0\md-rule)"        [_thread_blocked, id=14840, stack(0x000000e9b1400000,0x000000e9b1500000) (1024K)]
  0x000002396b904920 JavaThread "Cache worker for file content cache (C:\Users\HP\.gradle\caches\8.0\fileContent)"        [_thread_blocked, id=15456, stack(0x000000e9b1500000,0x000000e9b1600000) (1024K)]
  0x000002396b903570 JavaThread "Cache worker for file hash cache (C:\Users\HP\AndroidStudioProjects\deliveryFood\.gradle\8.0\fileHashes)"        [_thread_blocked, id=11604, stack(0x000000e9b1600000,0x000000e9b1700000) (1024K)]
  0x000002396b900780 JavaThread "Cache worker for cache directory md-supplier (C:\Users\HP\.gradle\caches\8.0\md-supplier)"        [_thread_blocked, id=21188, stack(0x000000e9b1700000,0x000000e9b1800000) (1024K)]
  0x000002396b905cd0 JavaThread "Cache worker for execution history cache (C:\Users\HP\.gradle\caches\8.0\executionHistory)"        [_thread_blocked, id=20084, stack(0x000000e9b1800000,0x000000e9b1900000) (1024K)]
  0x000002396b903c00 JavaThread "Cache worker for kotlin-dsl (C:\Users\HP\.gradle\caches\8.0\kotlin-dsl)"        [_thread_blocked, id=21968, stack(0x000000e9b1900000,0x000000e9b1a00000) (1024K)]
=>0x00000239237ba6a0 JavaThread "C2 CompilerThread1"         daemon [_thread_in_native, id=13356, stack(0x000000e9af200000,0x000000e9af300000) (1024K)]
  0x00000239237b8490 JavaThread "C2 CompilerThread2"         daemon [_thread_in_native, id=13420, stack(0x000000e9af300000,0x000000e9af400000) (1024K)]
Total: 43

Other Threads:
  0x000002392378c590 VMThread "VM Thread"                           [id=17592, stack(0x000000e9ae700000,0x000000e9ae800000) (1024K)]
  0x0000023923771070 WatcherThread "VM Periodic Task Thread"        [id=6152, stack(0x000000e9ae600000,0x000000e9ae700000) (1024K)]
  0x0000023906da8f00 WorkerThread "GC Thread#0"                     [id=3208, stack(0x000000e9ae100000,0x000000e9ae200000) (1024K)]
  0x000002396987a3b0 WorkerThread "GC Thread#1"                     [id=10780, stack(0x000000e9af400000,0x000000e9af500000) (1024K)]
  0x000002396987a750 WorkerThread "GC Thread#2"                     [id=12024, stack(0x000000e9af500000,0x000000e9af600000) (1024K)]
  0x000002396987aaf0 WorkerThread "GC Thread#3"                     [id=14316, stack(0x000000e9af600000,0x000000e9af700000) (1024K)]
  0x0000023969955fb0 WorkerThread "GC Thread#4"                     [id=15832, stack(0x000000e9af700000,0x000000e9af800000) (1024K)]
  0x0000023969962e40 WorkerThread "GC Thread#5"                     [id=7508, stack(0x000000e9af800000,0x000000e9af900000) (1024K)]
  0x000002396b75fb30 WorkerThread "GC Thread#6"                     [id=19324, stack(0x000000e9b0800000,0x000000e9b0900000) (1024K)]
  0x000002396b7610f0 WorkerThread "GC Thread#7"                     [id=14848, stack(0x000000e9b0900000,0x000000e9b0a00000) (1024K)]
  0x0000023906db9ee0 ConcurrentGCThread "G1 Main Marker"            [id=5364, stack(0x000000e9ae200000,0x000000e9ae300000) (1024K)]
  0x0000023906dbab90 WorkerThread "G1 Conc#0"                       [id=5336, stack(0x000000e9ae300000,0x000000e9ae400000) (1024K)]
  0x000002396b75fed0 WorkerThread "G1 Conc#1"                       [id=3948, stack(0x000000e9b0a00000,0x000000e9b0b00000) (1024K)]
  0x000002392363d2b0 ConcurrentGCThread "G1 Refine#0"               [id=3248, stack(0x000000e9ae400000,0x000000e9ae500000) (1024K)]
  0x000002392363dd30 ConcurrentGCThread "G1 Service"                [id=20012, stack(0x000000e9ae500000,0x000000e9ae600000) (1024K)]
Total: 15

Threads with active compile tasks:
C2 CompilerThread0     6832 6785   !   4       org.jetbrains.kotlin.metadata.ProtoBuf$Type::<init> (875 bytes)
C2 CompilerThread1     6832 6877       4       org.jetbrains.kotlin.metadata.ProtoBuf$Type::writeTo (354 bytes)
C2 CompilerThread2     6832 6792   !   4       org.jetbrains.kotlin.metadata.ProtoBuf$Function::<init> (1410 bytes)
Total: 3

VM state: not at safepoint (normal execution)

VM Mutex/Monitor currently owned by a thread: None

Heap address: 0x0000000080000000, size: 2048 MB, Compressed Oops mode: 32-bit

CDS archive(s) mapped at: [0x0000023924000000-0x0000023924c90000-0x0000023924c90000), size 13172736, SharedBaseAddress: 0x0000023924000000, ArchiveRelocationMode: 1.
Compressed class space mapped at: 0x0000023925000000-0x0000023965000000, reserved size: 1073741824
Narrow klass base: 0x0000023924000000, Narrow klass shift: 0, Narrow klass range: 0x100000000

GC Precious Log:
 CardTable entry size: 512
 Card Set container configuration: InlinePtr #cards 5 size 8 Array Of Cards #cards 12 size 40 Howl #buckets 4 coarsen threshold 1843 Howl Bitmap #cards 512 size 80 coarsen threshold 460 Card regions per heap region 1 cards per card region 2048
 CPUs: 8 total, 8 available
 Memory: 16149M
 Large Page Support: Disabled
 NUMA Support: Disabled
 Compressed Oops: Enabled (32-bit)
 Heap Region Size: 1M
 Heap Min Capacity: 8M
 Heap Initial Capacity: 254M
 Heap Max Capacity: 2G
 Pre-touch: Disabled
 Parallel Workers: 8
 Concurrent Workers: 2
 Concurrent Refinement Workers: 8
 Periodic GC: Disabled

Heap:
 garbage-first heap   total 179200K, used 156563K [0x0000000080000000, 0x0000000100000000)
  region size 1024K, 53 young (54272K), 3 survivors (3072K)
 Metaspace       used 80416K, committed 82432K, reserved 1179648K
  class space    used 10929K, committed 11968K, reserved 1048576K

Heap Regions: E=young(eden), S=young(survivor), O=old, HS=humongous(starts), HC=humongous(continues), CS=collection set, F=free, TAMS=top-at-mark-start, PB=parsable bottom
|   0|0x0000000080000000, 0x0000000080100000, 0x0000000080100000|100%|HS|  |TAMS 0x0000000080000000| PB 0x0000000080000000| Complete 
|   1|0x0000000080100000, 0x0000000080200000, 0x0000000080200000|100%|HC|  |TAMS 0x0000000080100000| PB 0x0000000080100000| Complete 
|   2|0x0000000080200000, 0x0000000080300000, 0x0000000080300000|100%|HC|  |TAMS 0x0000000080200000| PB 0x0000000080200000| Complete 
|   3|0x0000000080300000, 0x0000000080400000, 0x0000000080400000|100%|HC|  |TAMS 0x0000000080300000| PB 0x0000000080300000| Complete 
|   4|0x0000000080400000, 0x0000000080500000, 0x0000000080500000|100%| O|  |TAMS 0x0000000080400000| PB 0x0000000080400000| Untracked 
|   5|0x0000000080500000, 0x0000000080600000, 0x0000000080600000|100%| O|  |TAMS 0x0000000080500000| PB 0x0000000080500000| Untracked 
|   6|0x0000000080600000, 0x0000000080700000, 0x0000000080700000|100%| O|  |TAMS 0x0000000080600000| PB 0x0000000080600000| Untracked 
|   7|0x0000000080700000, 0x0000000080800000, 0x0000000080800000|100%| O|  |TAMS 0x0000000080700000| PB 0x0000000080700000| Untracked 
|   8|0x0000000080800000, 0x0000000080900000, 0x0000000080900000|100%| O|  |TAMS 0x0000000080800000| PB 0x0000000080800000| Untracked 
|   9|0x0000000080900000, 0x0000000080a00000, 0x0000000080a00000|100%| O|  |TAMS 0x0000000080900000| PB 0x0000000080900000| Untracked 
|  10|0x0000000080a00000, 0x0000000080b00000, 0x0000000080b00000|100%| O|  |TAMS 0x0000000080a00000| PB 0x0000000080a00000| Untracked 
|  11|0x0000000080b00000, 0x0000000080c00000, 0x0000000080c00000|100%| O|  |TAMS 0x0000000080b00000| PB 0x0000000080b00000| Untracked 
|  12|0x0000000080c00000, 0x0000000080d00000, 0x0000000080d00000|100%|HS|  |TAMS 0x0000000080c00000| PB 0x0000000080c00000| Complete 
|  13|0x0000000080d00000, 0x0000000080e00000, 0x0000000080e00000|100%|HC|  |TAMS 0x0000000080d00000| PB 0x0000000080d00000| Complete 
|  14|0x0000000080e00000, 0x0000000080f00000, 0x0000000080f00000|100%|HS|  |TAMS 0x0000000080e00000| PB 0x0000000080e00000| Complete 
|  15|0x0000000080f00000, 0x0000000081000000, 0x0000000081000000|100%|HC|  |TAMS 0x0000000080f00000| PB 0x0000000080f00000| Complete 
|  16|0x0000000081000000, 0x0000000081100000, 0x0000000081100000|100%|HC|  |TAMS 0x0000000081000000| PB 0x0000000081000000| Complete 
|  17|0x0000000081100000, 0x0000000081200000, 0x0000000081200000|100%|HS|  |TAMS 0x0000000081100000| PB 0x0000000081100000| Complete 
|  18|0x0000000081200000, 0x0000000081300000, 0x0000000081300000|100%|HC|  |TAMS 0x0000000081200000| PB 0x0000000081200000| Complete 
|  19|0x0000000081300000, 0x0000000081400000, 0x0000000081400000|100%|HC|  |TAMS 0x0000000081300000| PB 0x0000000081300000| Complete 
|  20|0x0000000081400000, 0x0000000081500000, 0x0000000081500000|100%|HS|  |TAMS 0x0000000081400000| PB 0x0000000081400000| Complete 
|  21|0x0000000081500000, 0x0000000081600000, 0x0000000081600000|100%|HC|  |TAMS 0x0000000081500000| PB 0x0000000081500000| Complete 
|  22|0x0000000081600000, 0x0000000081700000, 0x0000000081700000|100%|HC|  |TAMS 0x0000000081600000| PB 0x0000000081600000| Complete 
|  23|0x0000000081700000, 0x0000000081800000, 0x0000000081800000|100%|HC|  |TAMS 0x0000000081700000| PB 0x0000000081700000| Complete 
|  24|0x0000000081800000, 0x0000000081900000, 0x0000000081900000|100%|HC|  |TAMS 0x0000000081800000| PB 0x0000000081800000| Complete 
|  25|0x0000000081900000, 0x0000000081a00000, 0x0000000081a00000|100%|HC|  |TAMS 0x0000000081900000| PB 0x0000000081900000| Complete 
|  26|0x0000000081a00000, 0x0000000081b00000, 0x0000000081b00000|100%|HC|  |TAMS 0x0000000081a00000| PB 0x0000000081a00000| Complete 
|  27|0x0000000081b00000, 0x0000000081c00000, 0x0000000081c00000|100%|HC|  |TAMS 0x0000000081b00000| PB 0x0000000081b00000| Complete 
|  28|0x0000000081c00000, 0x0000000081d00000, 0x0000000081d00000|100%|HC|  |TAMS 0x0000000081c00000| PB 0x0000000081c00000| Complete 
|  29|0x0000000081d00000, 0x0000000081e00000, 0x0000000081e00000|100%|HC|  |TAMS 0x0000000081d00000| PB 0x0000000081d00000| Complete 
|  30|0x0000000081e00000, 0x0000000081f00000, 0x0000000081f00000|100%|HC|  |TAMS 0x0000000081e00000| PB 0x0000000081e00000| Complete 
|  31|0x0000000081f00000, 0x0000000082000000, 0x0000000082000000|100%|HC|  |TAMS 0x0000000081f00000| PB 0x0000000081f00000| Complete 
|  32|0x0000000082000000, 0x0000000082100000, 0x0000000082100000|100%|HS|  |TAMS 0x0000000082000000| PB 0x0000000082000000| Complete 
|  33|0x0000000082100000, 0x0000000082200000, 0x0000000082200000|100%|HC|  |TAMS 0x0000000082100000| PB 0x0000000082100000| Complete 
|  34|0x0000000082200000, 0x0000000082300000, 0x0000000082300000|100%| O|  |TAMS 0x0000000082200000| PB 0x0000000082200000| Untracked 
|  35|0x0000000082300000, 0x0000000082400000, 0x0000000082400000|100%| O|  |TAMS 0x0000000082300000| PB 0x0000000082300000| Untracked 
|  36|0x0000000082400000, 0x0000000082500000, 0x0000000082500000|100%| O|  |TAMS 0x0000000082400000| PB 0x0000000082400000| Untracked 
|  37|0x0000000082500000, 0x0000000082600000, 0x0000000082600000|100%| O|  |TAMS 0x0000000082500000| PB 0x0000000082500000| Untracked 
|  38|0x0000000082600000, 0x0000000082700000, 0x0000000082700000|100%| O|  |TAMS 0x0000000082600000| PB 0x0000000082600000| Untracked 
|  39|0x0000000082700000, 0x0000000082800000, 0x0000000082800000|100%|HS|  |TAMS 0x0000000082700000| PB 0x0000000082700000| Complete 
|  40|0x0000000082800000, 0x0000000082900000, 0x0000000082900000|100%|HC|  |TAMS 0x0000000082800000| PB 0x0000000082800000| Complete 
|  41|0x0000000082900000, 0x0000000082a00000, 0x0000000082a00000|100%|HC|  |TAMS 0x0000000082900000| PB 0x0000000082900000| Complete 
|  42|0x0000000082a00000, 0x0000000082b00000, 0x0000000082b00000|100%| O|  |TAMS 0x0000000082a00000| PB 0x0000000082a00000| Untracked 
|  43|0x0000000082b00000, 0x0000000082c00000, 0x0000000082c00000|100%| O|  |TAMS 0x0000000082b00000| PB 0x0000000082b00000| Untracked 
|  44|0x0000000082c00000, 0x0000000082d00000, 0x0000000082d00000|100%| O|  |TAMS 0x0000000082c00000| PB 0x0000000082c00000| Untracked 
|  45|0x0000000082d00000, 0x0000000082e00000, 0x0000000082e00000|100%| O|  |TAMS 0x0000000082d00000| PB 0x0000000082d00000| Untracked 
|  46|0x0000000082e00000, 0x0000000082f00000, 0x0000000082f00000|100%| O|Cm|TAMS 0x0000000082e00000| PB 0x0000000082e00000| Complete 
|  47|0x0000000082f00000, 0x0000000083000000, 0x0000000083000000|100%| O|  |TAMS 0x0000000082f00000| PB 0x0000000082f00000| Untracked 
|  48|0x0000000083000000, 0x0000000083100000, 0x0000000083100000|100%| O|  |TAMS 0x0000000083000000| PB 0x0000000083000000| Untracked 
|  49|0x0000000083100000, 0x0000000083200000, 0x0000000083200000|100%| O|  |TAMS 0x0000000083100000| PB 0x0000000083100000| Untracked 
|  50|0x0000000083200000, 0x0000000083300000, 0x0000000083300000|100%|HS|  |TAMS 0x0000000083200000| PB 0x0000000083200000| Complete 
|  51|0x0000000083300000, 0x0000000083400000, 0x0000000083400000|100%|HC|  |TAMS 0x0000000083300000| PB 0x0000000083300000| Complete 
|  52|0x0000000083400000, 0x0000000083500000, 0x0000000083500000|100%|HC|  |TAMS 0x0000000083400000| PB 0x0000000083400000| Complete 
|  53|0x0000000083500000, 0x0000000083600000, 0x0000000083600000|100%| O|  |TAMS 0x0000000083500000| PB 0x0000000083500000| Untracked 
|  54|0x0000000083600000, 0x0000000083700000, 0x0000000083700000|100%| O|  |TAMS 0x0000000083600000| PB 0x0000000083600000| Untracked 
|  55|0x0000000083700000, 0x0000000083800000, 0x0000000083800000|100%| O|  |TAMS 0x0000000083700000| PB 0x0000000083700000| Untracked 
|  56|0x0000000083800000, 0x0000000083900000, 0x0000000083900000|100%|HS|  |TAMS 0x0000000083800000| PB 0x0000000083800000| Complete 
|  57|0x0000000083900000, 0x0000000083a00000, 0x0000000083a00000|100%|HC|  |TAMS 0x0000000083900000| PB 0x0000000083900000| Complete 
|  58|0x0000000083a00000, 0x0000000083b00000, 0x0000000083b00000|100%|HC|  |TAMS 0x0000000083a00000| PB 0x0000000083a00000| Complete 
|  59|0x0000000083b00000, 0x0000000083c00000, 0x0000000083c00000|100%|HC|  |TAMS 0x0000000083b00000| PB 0x0000000083b00000| Complete 
|  60|0x0000000083c00000, 0x0000000083d00000, 0x0000000083d00000|100%| O|  |TAMS 0x0000000083c00000| PB 0x0000000083c00000| Untracked 
|  61|0x0000000083d00000, 0x0000000083e00000, 0x0000000083e00000|100%|HS|  |TAMS 0x0000000083d00000| PB 0x0000000083d00000| Complete 
|  62|0x0000000083e00000, 0x0000000083f00000, 0x0000000083f00000|100%|HC|  |TAMS 0x0000000083e00000| PB 0x0000000083e00000| Complete 
|  63|0x0000000083f00000, 0x0000000084000000, 0x0000000084000000|100%|HC|  |TAMS 0x0000000083f00000| PB 0x0000000083f00000| Complete 
|  64|0x0000000084000000, 0x0000000084100000, 0x0000000084100000|100%|HC|  |TAMS 0x0000000084000000| PB 0x0000000084000000| Complete 
|  65|0x0000000084100000, 0x0000000084200000, 0x0000000084200000|100%|HC|  |TAMS 0x0000000084100000| PB 0x0000000084100000| Complete 
|  66|0x0000000084200000, 0x0000000084300000, 0x0000000084300000|100%|HC|  |TAMS 0x0000000084200000| PB 0x0000000084200000| Complete 
|  67|0x0000000084300000, 0x0000000084400000, 0x0000000084400000|100%| O|  |TAMS 0x0000000084300000| PB 0x0000000084300000| Untracked 
|  68|0x0000000084400000, 0x0000000084500000, 0x0000000084500000|100%| O|  |TAMS 0x0000000084400000| PB 0x0000000084400000| Untracked 
|  69|0x0000000084500000, 0x0000000084600000, 0x0000000084600000|100%| O|  |TAMS 0x0000000084500000| PB 0x0000000084500000| Untracked 
|  70|0x0000000084600000, 0x0000000084700000, 0x0000000084700000|100%| O|  |TAMS 0x0000000084600000| PB 0x0000000084600000| Untracked 
|  71|0x0000000084700000, 0x0000000084800000, 0x0000000084800000|100%| O|  |TAMS 0x0000000084700000| PB 0x0000000084700000| Untracked 
|  72|0x0000000084800000, 0x0000000084900000, 0x0000000084900000|100%| O|  |TAMS 0x0000000084800000| PB 0x0000000084800000| Untracked 
|  73|0x0000000084900000, 0x0000000084a00000, 0x0000000084a00000|100%| O|  |TAMS 0x0000000084900000| PB 0x0000000084900000| Untracked 
|  74|0x0000000084a00000, 0x0000000084b00000, 0x0000000084b00000|100%| O|  |TAMS 0x0000000084a00000| PB 0x0000000084a00000| Untracked 
|  75|0x0000000084b00000, 0x0000000084c00000, 0x0000000084c00000|100%| O|Cm|TAMS 0x0000000084b00000| PB 0x0000000084b00000| Complete 
|  76|0x0000000084c00000, 0x0000000084d00000, 0x0000000084d00000|100%| O|  |TAMS 0x0000000084c00000| PB 0x0000000084c00000| Untracked 
|  77|0x0000000084d00000, 0x0000000084e00000, 0x0000000084e00000|100%| O|  |TAMS 0x0000000084d00000| PB 0x0000000084d00000| Untracked 
|  78|0x0000000084e00000, 0x0000000084f00000, 0x0000000084f00000|100%| O|  |TAMS 0x0000000084e00000| PB 0x0000000084e00000| Untracked 
|  79|0x0000000084f00000, 0x0000000085000000, 0x0000000085000000|100%| O|  |TAMS 0x0000000084f00000| PB 0x0000000084f00000| Untracked 
|  80|0x0000000085000000, 0x0000000085100000, 0x0000000085100000|100%| O|  |TAMS 0x0000000085000000| PB 0x0000000085000000| Untracked 
|  81|0x0000000085100000, 0x0000000085200000, 0x0000000085200000|100%| O|  |TAMS 0x0000000085100000| PB 0x0000000085100000| Untracked 
|  82|0x0000000085200000, 0x0000000085300000, 0x0000000085300000|100%|HS|  |TAMS 0x0000000085200000| PB 0x0000000085200000| Complete 
|  83|0x0000000085300000, 0x0000000085300000, 0x0000000085400000|  0%| F|  |TAMS 0x0000000085300000| PB 0x0000000085300000| Untracked 
|  84|0x0000000085400000, 0x0000000085500000, 0x0000000085500000|100%| O|  |TAMS 0x0000000085400000| PB 0x0000000085400000| Untracked 
|  85|0x0000000085500000, 0x0000000085600000, 0x0000000085600000|100%| O|  |TAMS 0x0000000085500000| PB 0x0000000085500000| Untracked 
|  86|0x0000000085600000, 0x0000000085700000, 0x0000000085700000|100%| O|  |TAMS 0x0000000085600000| PB 0x0000000085600000| Untracked 
|  87|0x0000000085700000, 0x0000000085800000, 0x0000000085800000|100%| O|  |TAMS 0x0000000085700000| PB 0x0000000085700000| Untracked 
|  88|0x0000000085800000, 0x0000000085800000, 0x0000000085900000|  0%| F|  |TAMS 0x0000000085800000| PB 0x0000000085800000| Untracked 
|  89|0x0000000085900000, 0x0000000085900000, 0x0000000085a00000|  0%| F|  |TAMS 0x0000000085900000| PB 0x0000000085900000| Untracked 
|  90|0x0000000085a00000, 0x0000000085a00000, 0x0000000085b00000|  0%| F|  |TAMS 0x0000000085a00000| PB 0x0000000085a00000| Untracked 
|  91|0x0000000085b00000, 0x0000000085b00000, 0x0000000085c00000|  0%| F|  |TAMS 0x0000000085b00000| PB 0x0000000085b00000| Untracked 
|  92|0x0000000085c00000, 0x0000000085c00000, 0x0000000085d00000|  0%| F|  |TAMS 0x0000000085c00000| PB 0x0000000085c00000| Untracked 
|  93|0x0000000085d00000, 0x0000000085d00000, 0x0000000085e00000|  0%| F|  |TAMS 0x0000000085d00000| PB 0x0000000085d00000| Untracked 
|  94|0x0000000085e00000, 0x0000000085e00000, 0x0000000085f00000|  0%| F|  |TAMS 0x0000000085e00000| PB 0x0000000085e00000| Untracked 
|  95|0x0000000085f00000, 0x0000000085f00000, 0x0000000086000000|  0%| F|  |TAMS 0x0000000085f00000| PB 0x0000000085f00000| Untracked 
|  96|0x0000000086000000, 0x0000000086000000, 0x0000000086100000|  0%| F|  |TAMS 0x0000000086000000| PB 0x0000000086000000| Untracked 
|  97|0x0000000086100000, 0x0000000086100000, 0x0000000086200000|  0%| F|  |TAMS 0x0000000086100000| PB 0x0000000086100000| Untracked 
|  98|0x0000000086200000, 0x0000000086200000, 0x0000000086300000|  0%| F|  |TAMS 0x0000000086200000| PB 0x0000000086200000| Untracked 
|  99|0x0000000086300000, 0x0000000086300000, 0x0000000086400000|  0%| F|  |TAMS 0x0000000086300000| PB 0x0000000086300000| Untracked 
| 100|0x0000000086400000, 0x0000000086400000, 0x0000000086500000|  0%| F|  |TAMS 0x0000000086400000| PB 0x0000000086400000| Untracked 
| 101|0x0000000086500000, 0x0000000086500000, 0x0000000086600000|  0%| F|  |TAMS 0x0000000086500000| PB 0x0000000086500000| Untracked 
| 102|0x0000000086600000, 0x0000000086600000, 0x0000000086700000|  0%| F|  |TAMS 0x0000000086600000| PB 0x0000000086600000| Untracked 
| 103|0x0000000086700000, 0x0000000086700000, 0x0000000086800000|  0%| F|  |TAMS 0x0000000086700000| PB 0x0000000086700000| Untracked 
| 104|0x0000000086800000, 0x0000000086800000, 0x0000000086900000|  0%| F|  |TAMS 0x0000000086800000| PB 0x0000000086800000| Untracked 
| 105|0x0000000086900000, 0x0000000086900000, 0x0000000086a00000|  0%| F|  |TAMS 0x0000000086900000| PB 0x0000000086900000| Untracked 
| 106|0x0000000086a00000, 0x0000000086a00000, 0x0000000086b00000|  0%| F|  |TAMS 0x0000000086a00000| PB 0x0000000086a00000| Untracked 
| 107|0x0000000086b00000, 0x0000000086c00000, 0x0000000086c00000|100%| E|  |TAMS 0x0000000086b00000| PB 0x0000000086b00000| Complete 
| 108|0x0000000086c00000, 0x0000000086d00000, 0x0000000086d00000|100%| E|CS|TAMS 0x0000000086c00000| PB 0x0000000086c00000| Complete 
| 109|0x0000000086d00000, 0x0000000086e00000, 0x0000000086e00000|100%| E|CS|TAMS 0x0000000086d00000| PB 0x0000000086d00000| Complete 
| 110|0x0000000086e00000, 0x0000000086f00000, 0x0000000086f00000|100%| E|CS|TAMS 0x0000000086e00000| PB 0x0000000086e00000| Complete 
| 111|0x0000000086f00000, 0x0000000087000000, 0x0000000087000000|100%| E|CS|TAMS 0x0000000086f00000| PB 0x0000000086f00000| Complete 
| 112|0x0000000087000000, 0x0000000087100000, 0x0000000087100000|100%| E|CS|TAMS 0x0000000087000000| PB 0x0000000087000000| Complete 
| 113|0x0000000087100000, 0x0000000087200000, 0x0000000087200000|100%| E|CS|TAMS 0x0000000087100000| PB 0x0000000087100000| Complete 
| 114|0x0000000087200000, 0x0000000087300000, 0x0000000087300000|100%| E|CS|TAMS 0x0000000087200000| PB 0x0000000087200000| Complete 
| 115|0x0000000087300000, 0x0000000087400000, 0x0000000087400000|100%| E|CS|TAMS 0x0000000087300000| PB 0x0000000087300000| Complete 
| 116|0x0000000087400000, 0x0000000087500000, 0x0000000087500000|100%| E|CS|TAMS 0x0000000087400000| PB 0x0000000087400000| Complete 
| 117|0x0000000087500000, 0x0000000087600000, 0x0000000087600000|100%| E|CS|TAMS 0x0000000087500000| PB 0x0000000087500000| Complete 
| 118|0x0000000087600000, 0x0000000087700000, 0x0000000087700000|100%| E|CS|TAMS 0x0000000087600000| PB 0x0000000087600000| Complete 
| 119|0x0000000087700000, 0x0000000087800000, 0x0000000087800000|100%| E|CS|TAMS 0x0000000087700000| PB 0x0000000087700000| Complete 
| 120|0x0000000087800000, 0x0000000087900000, 0x0000000087900000|100%| E|CS|TAMS 0x0000000087800000| PB 0x0000000087800000| Complete 
| 121|0x0000000087900000, 0x0000000087a00000, 0x0000000087a00000|100%| E|CS|TAMS 0x0000000087900000| PB 0x0000000087900000| Complete 
| 122|0x0000000087a00000, 0x0000000087b00000, 0x0000000087b00000|100%| E|CS|TAMS 0x0000000087a00000| PB 0x0000000087a00000| Complete 
| 123|0x0000000087b00000, 0x0000000087c00000, 0x0000000087c00000|100%| E|CS|TAMS 0x0000000087b00000| PB 0x0000000087b00000| Complete 
| 124|0x0000000087c00000, 0x0000000087d00000, 0x0000000087d00000|100%| E|CS|TAMS 0x0000000087c00000| PB 0x0000000087c00000| Complete 
| 125|0x0000000087d00000, 0x0000000087de4f00, 0x0000000087e00000| 89%| S|CS|TAMS 0x0000000087d00000| PB 0x0000000087d00000| Complete 
| 126|0x0000000087e00000, 0x0000000087f00000, 0x0000000087f00000|100%| S|CS|TAMS 0x0000000087e00000| PB 0x0000000087e00000| Complete 
| 127|0x0000000087f00000, 0x0000000088000000, 0x0000000088000000|100%| S|CS|TAMS 0x0000000087f00000| PB 0x0000000087f00000| Complete 
| 128|0x0000000088000000, 0x0000000088100000, 0x0000000088100000|100%| E|CS|TAMS 0x0000000088000000| PB 0x0000000088000000| Complete 
| 129|0x0000000088100000, 0x0000000088200000, 0x0000000088200000|100%| E|CS|TAMS 0x0000000088100000| PB 0x0000000088100000| Complete 
| 130|0x0000000088200000, 0x0000000088300000, 0x0000000088300000|100%| E|CS|TAMS 0x0000000088200000| PB 0x0000000088200000| Complete 
| 131|0x0000000088300000, 0x0000000088400000, 0x0000000088400000|100%| E|CS|TAMS 0x0000000088300000| PB 0x0000000088300000| Complete 
| 132|0x0000000088400000, 0x0000000088500000, 0x0000000088500000|100%| E|CS|TAMS 0x0000000088400000| PB 0x0000000088400000| Complete 
| 133|0x0000000088500000, 0x0000000088600000, 0x0000000088600000|100%| E|CS|TAMS 0x0000000088500000| PB 0x0000000088500000| Complete 
| 134|0x0000000088600000, 0x0000000088700000, 0x0000000088700000|100%| E|CS|TAMS 0x0000000088600000| PB 0x0000000088600000| Complete 
| 135|0x0000000088700000, 0x0000000088800000, 0x0000000088800000|100%| E|CS|TAMS 0x0000000088700000| PB 0x0000000088700000| Complete 
| 136|0x0000000088800000, 0x0000000088900000, 0x0000000088900000|100%| E|CS|TAMS 0x0000000088800000| PB 0x0000000088800000| Complete 
| 137|0x0000000088900000, 0x0000000088a00000, 0x0000000088a00000|100%| E|CS|TAMS 0x0000000088900000| PB 0x0000000088900000| Complete 
| 138|0x0000000088a00000, 0x0000000088b00000, 0x0000000088b00000|100%| E|CS|TAMS 0x0000000088a00000| PB 0x0000000088a00000| Complete 
| 139|0x0000000088b00000, 0x0000000088c00000, 0x0000000088c00000|100%| E|CS|TAMS 0x0000000088b00000| PB 0x0000000088b00000| Complete 
| 140|0x0000000088c00000, 0x0000000088d00000, 0x0000000088d00000|100%| E|CS|TAMS 0x0000000088c00000| PB 0x0000000088c00000| Complete 
| 141|0x0000000088d00000, 0x0000000088e00000, 0x0000000088e00000|100%| E|CS|TAMS 0x0000000088d00000| PB 0x0000000088d00000| Complete 
| 142|0x0000000088e00000, 0x0000000088f00000, 0x0000000088f00000|100%| E|CS|TAMS 0x0000000088e00000| PB 0x0000000088e00000| Complete 
| 143|0x0000000088f00000, 0x0000000089000000, 0x0000000089000000|100%| E|CS|TAMS 0x0000000088f00000| PB 0x0000000088f00000| Complete 
| 144|0x0000000089000000, 0x0000000089100000, 0x0000000089100000|100%| E|CS|TAMS 0x0000000089000000| PB 0x0000000089000000| Complete 
| 145|0x0000000089100000, 0x0000000089200000, 0x0000000089200000|100%| E|CS|TAMS 0x0000000089100000| PB 0x0000000089100000| Complete 
| 146|0x0000000089200000, 0x0000000089300000, 0x0000000089300000|100%| E|CS|TAMS 0x0000000089200000| PB 0x0000000089200000| Complete 
| 156|0x0000000089c00000, 0x0000000089d00000, 0x0000000089d00000|100%| E|CS|TAMS 0x0000000089c00000| PB 0x0000000089c00000| Complete 
| 157|0x0000000089d00000, 0x0000000089e00000, 0x0000000089e00000|100%| E|CS|TAMS 0x0000000089d00000| PB 0x0000000089d00000| Complete 
| 158|0x0000000089e00000, 0x0000000089f00000, 0x0000000089f00000|100%| E|CS|TAMS 0x0000000089e00000| PB 0x0000000089e00000| Complete 
| 159|0x0000000089f00000, 0x000000008a000000, 0x000000008a000000|100%| E|CS|TAMS 0x0000000089f00000| PB 0x0000000089f00000| Complete 
| 160|0x000000008a000000, 0x000000008a100000, 0x000000008a100000|100%| E|CS|TAMS 0x000000008a000000| PB 0x000000008a000000| Complete 
| 161|0x000000008a100000, 0x000000008a200000, 0x000000008a200000|100%| E|CS|TAMS 0x000000008a100000| PB 0x000000008a100000| Complete 
| 162|0x000000008a200000, 0x000000008a300000, 0x000000008a300000|100%| E|CS|TAMS 0x000000008a200000| PB 0x000000008a200000| Complete 
| 163|0x000000008a300000, 0x000000008a400000, 0x000000008a400000|100%| E|CS|TAMS 0x000000008a300000| PB 0x000000008a300000| Complete 
| 164|0x000000008a400000, 0x000000008a500000, 0x000000008a500000|100%| E|CS|TAMS 0x000000008a400000| PB 0x000000008a400000| Complete 
| 165|0x000000008a500000, 0x000000008a600000, 0x000000008a600000|100%| E|CS|TAMS 0x000000008a500000| PB 0x000000008a500000| Complete 
| 166|0x000000008a600000, 0x000000008a700000, 0x000000008a700000|100%| E|CS|TAMS 0x000000008a600000| PB 0x000000008a600000| Complete 
| 167|0x000000008a700000, 0x000000008a800000, 0x000000008a800000|100%| E|CS|TAMS 0x000000008a700000| PB 0x000000008a700000| Complete 
| 253|0x000000008fd00000, 0x000000008fe00000, 0x000000008fe00000|100%| E|CS|TAMS 0x000000008fd00000| PB 0x000000008fd00000| Complete 
|2033|0x00000000ff100000, 0x00000000ff200000, 0x00000000ff200000|100%| O|  |TAMS 0x00000000ff100000| PB 0x00000000ff100000| Untracked 
|2034|0x00000000ff200000, 0x00000000ff300000, 0x00000000ff300000|100%| O|  |TAMS 0x00000000ff200000| PB 0x00000000ff200000| Untracked 
|2035|0x00000000ff300000, 0x00000000ff400000, 0x00000000ff400000|100%| O|  |TAMS 0x00000000ff300000| PB 0x00000000ff300000| Untracked 
|2036|0x00000000ff400000, 0x00000000ff500000, 0x00000000ff500000|100%| E|CS|TAMS 0x00000000ff400000| PB 0x00000000ff400000| Complete 
|2037|0x00000000ff500000, 0x00000000ff600000, 0x00000000ff600000|100%| O|  |TAMS 0x00000000ff500000| PB 0x00000000ff500000| Untracked 
|2038|0x00000000ff600000, 0x00000000ff700000, 0x00000000ff700000|100%| O|  |TAMS 0x00000000ff600000| PB 0x00000000ff600000| Untracked 
|2039|0x00000000ff700000, 0x00000000ff800000, 0x00000000ff800000|100%| O|  |TAMS 0x00000000ff700000| PB 0x00000000ff700000| Untracked 
|2040|0x00000000ff800000, 0x00000000ff900000, 0x00000000ff900000|100%| O|  |TAMS 0x00000000ff800000| PB 0x00000000ff800000| Untracked 
|2041|0x00000000ff900000, 0x00000000ffa00000, 0x00000000ffa00000|100%| O|  |TAMS 0x00000000ff900000| PB 0x00000000ff900000| Untracked 
|2042|0x00000000ffa00000, 0x00000000ffb00000, 0x00000000ffb00000|100%| O|  |TAMS 0x00000000ffa00000| PB 0x00000000ffa00000| Untracked 
|2043|0x00000000ffb00000, 0x00000000ffc00000, 0x00000000ffc00000|100%| O|  |TAMS 0x00000000ffb00000| PB 0x00000000ffb00000| Untracked 
|2044|0x00000000ffc00000, 0x00000000ffd00000, 0x00000000ffd00000|100%| O|  |TAMS 0x00000000ffc00000| PB 0x00000000ffc00000| Untracked 
|2045|0x00000000ffd00000, 0x00000000ffe00000, 0x00000000ffe00000|100%| O|  |TAMS 0x00000000ffd00000| PB 0x00000000ffd00000| Untracked 
|2046|0x00000000ffe00000, 0x00000000fff00000, 0x00000000fff00000|100%| O|  |TAMS 0x00000000ffe00000| PB 0x00000000ffe00000| Untracked 
|2047|0x00000000fff00000, 0x0000000100000000, 0x0000000100000000|100%| O|  |TAMS 0x00000000fff00000| PB 0x00000000fff00000| Untracked 

Card table byte_map: [0x000002391e8e0000,0x000002391ece0000] _byte_map_base: 0x000002391e4e0000

Marking Bits: (CMBitMap*) 0x0000023906da9600
 Bits: [0x000002391ece0000, 0x0000023920ce0000)

Polling page: 0x0000023904cb0000

Metaspace:

Usage:
  Non-class:     67.86 MB used.
      Class:     10.67 MB used.
       Both:     78.53 MB used.

Virtual space:
  Non-class space:      128.00 MB reserved,      68.81 MB ( 54%) committed,  2 nodes.
      Class space:        1.00 GB reserved,      11.69 MB (  1%) committed,  1 nodes.
             Both:        1.12 GB reserved,      80.50 MB (  7%) committed. 

Chunk freelists:
   Non-Class:  10.62 MB
       Class:  4.28 MB
        Both:  14.91 MB

MaxMetaspaceSize: unlimited
CompressedClassSpaceSize: 1.00 GB
Initial GC threshold: 21.00 MB
Current GC threshold: 121.56 MB
CDS: on
 - commit_granule_bytes: 65536.
 - commit_granule_words: 8192.
 - virtual_space_node_default_size: 8388608.
 - enlarge_chunks_in_place: 1.
 - use_allocation_guard: 0.


Internal statistics:

num_allocs_failed_limit: 3.
num_arena_births: 3460.
num_arena_deaths: 0.
num_vsnodes_births: 3.
num_vsnodes_deaths: 0.
num_space_committed: 1287.
num_space_uncommitted: 0.
num_chunks_returned_to_freelist: 3.
num_chunks_taken_from_freelist: 6845.
num_chunk_merges: 3.
num_chunk_splits: 4730.
num_chunks_enlarged: 3154.
num_inconsistent_stats: 0.

CodeHeap 'non-profiled nmethods': size=120000Kb used=3520Kb max_used=3520Kb free=116480Kb
 bounds [0x0000023916c80000, 0x0000023916ff0000, 0x000002391e1b0000]
CodeHeap 'profiled nmethods': size=120000Kb used=11775Kb max_used=11775Kb free=108224Kb
 bounds [0x000002390f1b0000, 0x000002390fd30000, 0x00000239166e0000]
CodeHeap 'non-nmethods': size=5760Kb used=3132Kb max_used=3132Kb free=2627Kb
 bounds [0x00000239166e0000, 0x0000023916a00000, 0x0000023916c80000]
 total_blobs=6926 nmethods=5973 adapters=854
 compilation: disabled (not enough contiguous free space left)
              stopped_count=1, restarted_count=0
 full_count=1

Compilation events (20 events):
Event: 6.810 Thread 0x00000239237b7dc0 6928       2       kotlin.sequences.SequencesKt___SequencesKt$filterNotNull$1::invoke (6 bytes)
Event: 6.810 Thread 0x00000239237b7dc0 nmethod 6928 0x000002390fd2bd90 code [0x000002390fd2bf20, 0x000002390fd2c048]
Event: 6.810 Thread 0x00000239237b7dc0 6929       2       kotlin.sequences.SequencesKt___SequencesKt$filterNotNull$1::invoke (13 bytes)
Event: 6.810 Thread 0x00000239237b7dc0 nmethod 6929 0x000002390fd2c110 code [0x000002390fd2c2a0, 0x000002390fd2c3c8]
Event: 6.810 Thread 0x00000239237b7dc0 6926       2       kotlin.text.StringsKt__StringsKt::indexOf$default (26 bytes)
Event: 6.810 Thread 0x00000239237b7dc0 nmethod 6926 0x000002390fd2c490 code [0x000002390fd2c640, 0x000002390fd2c768]
Event: 6.810 Thread 0x00000239237b7dc0 6927       2       kotlin.text.StringsKt__StringsKt::indexOf (48 bytes)
Event: 6.810 Thread 0x00000239237b7dc0 nmethod 6927 0x000002390fd2c810 code [0x000002390fd2ca20, 0x000002390fd2cee0]
Event: 6.817 Thread 0x00000239237b7dc0 6930       1       org.jetbrains.kotlin.name.Name::isSpecial (5 bytes)
Event: 6.818 Thread 0x00000239237b7dc0 nmethod 6930 0x0000023916fedc10 code [0x0000023916fedda0, 0x0000023916fede70]
Event: 6.818 Thread 0x00000239237b7dc0 6932       2       org.jetbrains.kotlin.types.UnwrappedType::unwrap (2 bytes)
Event: 6.818 Thread 0x00000239237b7dc0 nmethod 6932 0x000002390fd2d190 code [0x000002390fd2d320, 0x000002390fd2d428]
Event: 6.818 Thread 0x00000239237b7dc0 6931       1       org.jetbrains.kotlin.types.FlexibleType::getLowerBound (5 bytes)
Event: 6.818 Thread 0x00000239237b7dc0 nmethod 6931 0x0000023916fedf10 code [0x0000023916fee0a0, 0x0000023916fee168]
Event: 6.818 Thread 0x00000239237b7dc0 6933       1       org.jetbrains.kotlin.com.intellij.util.containers.RefHashMap::access$200 (5 bytes)
Event: 6.818 Thread 0x00000239237b7dc0 nmethod 6933 0x0000023916fee210 code [0x0000023916fee3a0, 0x0000023916fee450]
Event: 6.818 Thread 0x00000239237b7dc0 6934       1       org.jetbrains.kotlin.com.intellij.util.containers.RefHashMap$HardKey::hashCode (5 bytes)
Event: 6.818 Thread 0x00000239237b7dc0 nmethod 6934 0x0000023916fee510 code [0x0000023916fee6a0, 0x0000023916fee768]
Event: 6.818 Thread 0x00000239237b7dc0 6935       2       org.jetbrains.kotlin.com.intellij.util.pico.DefaultPicoContainer$InstanceComponentAdapter::getComponentInstance (5 bytes)
Event: 6.819 Thread 0x00000239237b7dc0 nmethod 6935 0x000002390fd2d490 code [0x000002390fd2d620, 0x000002390fd2d728]

GC Heap History (20 events):
Event: 3.668 GC heap before
{Heap before GC invocations=8 (full 0):
 garbage-first heap   total 100352K, used 88954K [0x0000000080000000, 0x0000000100000000)
  region size 1024K, 34 young (34816K), 5 survivors (5120K)
 Metaspace       used 38336K, committed 39808K, reserved 1114112K
  class space    used 5427K, committed 6144K, reserved 1048576K
}
Event: 3.673 GC heap after
{Heap after GC invocations=9 (full 0):
 garbage-first heap   total 100352K, used 60258K [0x0000000080000000, 0x0000000100000000)
  region size 1024K, 3 young (3072K), 3 survivors (3072K)
 Metaspace       used 38336K, committed 39808K, reserved 1114112K
  class space    used 5427K, committed 6144K, reserved 1048576K
}
Event: 4.042 GC heap before
{Heap before GC invocations=9 (full 0):
 garbage-first heap   total 100352K, used 95074K [0x0000000080000000, 0x0000000100000000)
  region size 1024K, 31 young (31744K), 3 survivors (3072K)
 Metaspace       used 41345K, committed 42816K, reserved 1114112K
  class space    used 5732K, committed 6464K, reserved 1048576K
}
Event: 4.047 GC heap after
{Heap after GC invocations=10 (full 0):
 garbage-first heap   total 104448K, used 70111K [0x0000000080000000, 0x0000000100000000)
  region size 1024K, 4 young (4096K), 4 survivors (4096K)
 Metaspace       used 41345K, committed 42816K, reserved 1114112K
  class space    used 5732K, committed 6464K, reserved 1048576K
}
Event: 4.243 GC heap before
{Heap before GC invocations=10 (full 0):
 garbage-first heap   total 104448K, used 93663K [0x0000000080000000, 0x0000000100000000)
  region size 1024K, 27 young (27648K), 4 survivors (4096K)
 Metaspace       used 43282K, committed 44864K, reserved 1114112K
  class space    used 6051K, committed 6848K, reserved 1048576K
}
Event: 4.247 GC heap after
{Heap after GC invocations=11 (full 0):
 garbage-first heap   total 125952K, used 71867K [0x0000000080000000, 0x0000000100000000)
  region size 1024K, 2 young (2048K), 2 survivors (2048K)
 Metaspace       used 43282K, committed 44864K, reserved 1114112K
  class space    used 6051K, committed 6848K, reserved 1048576K
}
Event: 4.627 GC heap before
{Heap before GC invocations=12 (full 0):
 garbage-first heap   total 126976K, used 109755K [0x0000000080000000, 0x0000000100000000)
  region size 1024K, 40 young (40960K), 2 survivors (2048K)
 Metaspace       used 50188K, committed 51776K, reserved 1114112K
  class space    used 7392K, committed 8192K, reserved 1048576K
}
Event: 4.630 GC heap after
{Heap after GC invocations=13 (full 0):
 garbage-first heap   total 126976K, used 73565K [0x0000000080000000, 0x0000000100000000)
  region size 1024K, 4 young (4096K), 4 survivors (4096K)
 Metaspace       used 50188K, committed 51776K, reserved 1114112K
  class space    used 7392K, committed 8192K, reserved 1048576K
}
Event: 5.016 GC heap before
{Heap before GC invocations=13 (full 0):
 garbage-first heap   total 126976K, used 117597K [0x0000000080000000, 0x0000000100000000)
  region size 1024K, 43 young (44032K), 4 survivors (4096K)
 Metaspace       used 56887K, committed 58496K, reserved 1114112K
  class space    used 8177K, committed 8960K, reserved 1048576K
}
Event: 5.019 GC heap after
{Heap after GC invocations=14 (full 0):
 garbage-first heap   total 126976K, used 78379K [0x0000000080000000, 0x0000000100000000)
  region size 1024K, 4 young (4096K), 4 survivors (4096K)
 Metaspace       used 56887K, committed 58496K, reserved 1114112K
  class space    used 8177K, committed 8960K, reserved 1048576K
}
Event: 5.193 GC heap before
{Heap before GC invocations=14 (full 0):
 garbage-first heap   total 126976K, used 97835K [0x0000000080000000, 0x0000000100000000)
  region size 1024K, 24 young (24576K), 4 survivors (4096K)
 Metaspace       used 60673K, committed 62336K, reserved 1114112K
  class space    used 8671K, committed 9472K, reserved 1048576K
}
Event: 5.196 GC heap after
{Heap after GC invocations=15 (full 0):
 garbage-first heap   total 126976K, used 79035K [0x0000000080000000, 0x0000000100000000)
  region size 1024K, 2 young (2048K), 2 survivors (2048K)
 Metaspace       used 60673K, committed 62336K, reserved 1114112K
  class space    used 8671K, committed 9472K, reserved 1048576K
}
Event: 5.402 GC heap before
{Heap before GC invocations=16 (full 0):
 garbage-first heap   total 153600K, used 122043K [0x0000000080000000, 0x0000000100000000)
  region size 1024K, 38 young (38912K), 2 survivors (2048K)
 Metaspace       used 61138K, committed 62720K, reserved 1114112K
  class space    used 8714K, committed 9472K, reserved 1048576K
}
Event: 5.411 GC heap after
{Heap after GC invocations=17 (full 0):
 garbage-first heap   total 153600K, used 88638K [0x0000000080000000, 0x0000000100000000)
  region size 1024K, 5 young (5120K), 5 survivors (5120K)
 Metaspace       used 61138K, committed 62720K, reserved 1114112K
  class space    used 8714K, committed 9472K, reserved 1048576K
}
Event: 5.817 GC heap before
{Heap before GC invocations=17 (full 0):
 garbage-first heap   total 153600K, used 141886K [0x0000000080000000, 0x0000000100000000)
  region size 1024K, 51 young (52224K), 5 survivors (5120K)
 Metaspace       used 67027K, committed 68672K, reserved 1114112K
  class space    used 9378K, committed 10176K, reserved 1048576K
}
Event: 5.822 GC heap after
{Heap after GC invocations=18 (full 0):
 garbage-first heap   total 153600K, used 99328K [0x0000000080000000, 0x0000000100000000)
  region size 1024K, 7 young (7168K), 7 survivors (7168K)
 Metaspace       used 67027K, committed 68672K, reserved 1114112K
  class space    used 9378K, committed 10176K, reserved 1048576K
}
Event: 6.130 GC heap before
{Heap before GC invocations=18 (full 0):
 garbage-first heap   total 153600K, used 138240K [0x0000000080000000, 0x0000000100000000)
  region size 1024K, 45 young (46080K), 7 survivors (7168K)
 Metaspace       used 72304K, committed 74176K, reserved 1114112K
  class space    used 9908K, committed 10816K, reserved 1048576K
}
Event: 6.135 GC heap after
{Heap after GC invocations=19 (full 0):
 garbage-first heap   total 153600K, used 102662K [0x0000000080000000, 0x0000000100000000)
  region size 1024K, 6 young (6144K), 6 survivors (6144K)
 Metaspace       used 72304K, committed 74176K, reserved 1114112K
  class space    used 9908K, committed 10816K, reserved 1048576K
}
Event: 6.484 GC heap before
{Heap before GC invocations=20 (full 0):
 garbage-first heap   total 179200K, used 136454K [0x0000000080000000, 0x0000000100000000)
  region size 1024K, 39 young (39936K), 6 survivors (6144K)
 Metaspace       used 76884K, committed 78912K, reserved 1179648K
  class space    used 10475K, committed 11456K, reserved 1048576K
}
Event: 6.489 GC heap after
{Heap after GC invocations=21 (full 0):
 garbage-first heap   total 179200K, used 105363K [0x0000000080000000, 0x0000000100000000)
  region size 1024K, 3 young (3072K), 3 survivors (3072K)
 Metaspace       used 76884K, committed 78912K, reserved 1179648K
  class space    used 10475K, committed 11456K, reserved 1048576K
}

Dll operation events (13 events):
Event: 0.006 Loaded shared library C:\Program Files\Java\jdk-21\bin\java.dll
Event: 0.032 Loaded shared library C:\Program Files\Java\jdk-21\bin\jsvml.dll
Event: 0.053 Loaded shared library C:\Program Files\Java\jdk-21\bin\net.dll
Event: 0.054 Loaded shared library C:\Program Files\Java\jdk-21\bin\nio.dll
Event: 0.058 Loaded shared library C:\Program Files\Java\jdk-21\bin\zip.dll
Event: 0.200 Loaded shared library C:\Program Files\Java\jdk-21\bin\jimage.dll
Event: 0.247 Loaded shared library C:\Program Files\Java\jdk-21\bin\verify.dll
Event: 0.365 Loaded shared library C:\Users\HP\.gradle\native\68d5fa5c4cc2d200863cafc0d521ce42e7d3e7ee720ec0a83991735586a16f82\windows-amd64\native-platform.dll
Event: 0.371 Loaded shared library C:\Users\HP\.gradle\native\e376f236ea51e6404a007f0833ffe2c6e607c4080706a723a18a27aeea778392\windows-amd64\native-platform-file-events.dll
Event: 1.030 Loaded shared library C:\Program Files\Java\jdk-21\bin\management.dll
Event: 1.031 Loaded shared library C:\Program Files\Java\jdk-21\bin\management_ext.dll
Event: 1.170 Loaded shared library C:\Program Files\Java\jdk-21\bin\extnet.dll
Event: 1.292 Loaded shared library C:\Program Files\Java\jdk-21\bin\sunmscapi.dll

Deoptimization events (20 events):
Event: 6.631 Thread 0x000002396ad9fa10 DEOPT PACKING pc=0x0000023916d25e00 sp=0x000000e9afff43f0
Event: 6.631 Thread 0x000002396ad9fa10 DEOPT UNPACKING pc=0x0000023916737da2 sp=0x000000e9afff42a8 mode 2
Event: 6.631 Thread 0x000002396ad9fa10 Uncommon trap: trap_request=0xffffffc6 fr.pc=0x0000023916d25e00 relative=0x0000000000001d40
Event: 6.631 Thread 0x000002396ad9fa10 Uncommon trap: reason=bimorphic_or_optimized_type_check action=maybe_recompile pc=0x0000023916d25e00 method=java.util.HashMap.putVal(ILjava/lang/Object;Ljava/lang/Object;ZZ)Ljava/lang/Object; @ 203 c2
Event: 6.631 Thread 0x000002396ad9fa10 DEOPT PACKING pc=0x0000023916d25e00 sp=0x000000e9afff43f0
Event: 6.631 Thread 0x000002396ad9fa10 DEOPT UNPACKING pc=0x0000023916737da2 sp=0x000000e9afff42a8 mode 2
Event: 6.659 Thread 0x000002396ad9fa10 DEOPT PACKING pc=0x000002390f65ddf6 sp=0x000000e9afff2710
Event: 6.659 Thread 0x000002396ad9fa10 DEOPT UNPACKING pc=0x00000239167388e2 sp=0x000000e9afff1c90 mode 0
Event: 6.812 Thread 0x000002396ad9fa10 Uncommon trap: trap_request=0xffffffde fr.pc=0x0000023916d6ebf0 relative=0x0000000000000130
Event: 6.812 Thread 0x000002396ad9fa10 Uncommon trap: reason=class_check action=maybe_recompile pc=0x0000023916d6ebf0 method=java.util.ArrayList.hashCodeRange(II)I @ 53 c2
Event: 6.812 Thread 0x000002396ad9fa10 DEOPT PACKING pc=0x0000023916d6ebf0 sp=0x000000e9afff39d0
Event: 6.812 Thread 0x000002396ad9fa10 DEOPT UNPACKING pc=0x0000023916737da2 sp=0x000000e9afff3940 mode 2
Event: 6.812 Thread 0x000002396ad9fa10 Uncommon trap: trap_request=0xffffffde fr.pc=0x0000023916d6ebf0 relative=0x0000000000000130
Event: 6.812 Thread 0x000002396ad9fa10 Uncommon trap: reason=class_check action=maybe_recompile pc=0x0000023916d6ebf0 method=java.util.ArrayList.hashCodeRange(II)I @ 53 c2
Event: 6.812 Thread 0x000002396ad9fa10 DEOPT PACKING pc=0x0000023916d6ebf0 sp=0x000000e9afff39d0
Event: 6.812 Thread 0x000002396ad9fa10 DEOPT UNPACKING pc=0x0000023916737da2 sp=0x000000e9afff3940 mode 2
Event: 6.812 Thread 0x000002396ad9fa10 Uncommon trap: trap_request=0xffffffde fr.pc=0x0000023916d6ebf0 relative=0x0000000000000130
Event: 6.812 Thread 0x000002396ad9fa10 Uncommon trap: reason=class_check action=maybe_recompile pc=0x0000023916d6ebf0 method=java.util.ArrayList.hashCodeRange(II)I @ 53 c2
Event: 6.812 Thread 0x000002396ad9fa10 DEOPT PACKING pc=0x0000023916d6ebf0 sp=0x000000e9afff3ca0
Event: 6.812 Thread 0x000002396ad9fa10 DEOPT UNPACKING pc=0x0000023916737da2 sp=0x000000e9afff3c10 mode 2

Classes loaded (20 events):
Event: 5.353 Loading class java/nio/channels/Channels$ReadableByteChannelImpl
Event: 5.353 Loading class java/nio/channels/Channels$ReadableByteChannelImpl done
Event: 5.353 Loading class java/nio/channels/NonWritableChannelException
Event: 5.353 Loading class java/nio/channels/NonWritableChannelException done
Event: 6.124 Loading class java/lang/invoke/BoundMethodHandle$Species_LLLLLLLLLLLLLLLLLLLLLLLLL
Event: 6.124 Loading class java/lang/invoke/BoundMethodHandle$Species_LLLLLLLLLLLLLLLLLLLLLLLLL done
Event: 6.372 Loading class java/text/StringCharacterIterator
Event: 6.372 Loading class java/text/CharacterIterator
Event: 6.372 Loading class java/text/CharacterIterator done
Event: 6.372 Loading class java/text/StringCharacterIterator done
Event: 6.391 Loading class java/io/NotSerializableException
Event: 6.391 Loading class java/io/NotSerializableException done
Event: 6.516 Loading class java/util/function/IntUnaryOperator
Event: 6.517 Loading class java/util/function/IntUnaryOperator done
Event: 6.536 Loading class java/util/AbstractList$SubList
Event: 6.536 Loading class java/util/AbstractList$SubList done
Event: 6.536 Loading class java/util/AbstractList$SubList$1
Event: 6.536 Loading class java/util/AbstractList$SubList$1 done
Event: 6.536 Loading class java/util/AbstractList$ListItr
Event: 6.536 Loading class java/util/AbstractList$ListItr done

Classes unloaded (0 events):
No events

Classes redefined (0 events):
No events

Internal exceptions (20 events):
Event: 5.178 Thread 0x000002396ad9fa10 Exception <a 'java/lang/NoSuchMethodError'{0x0000000085be5320}: 'long java.lang.invoke.DirectMethodHandle$Holder.invokeStatic(java.lang.Object, java.lang.Object, int)'> (0x0000000085be5320) 
thrown [s\open\src\hotspot\share\interpreter\linkResolver.cpp, line 773]
Event: 5.179 Thread 0x000002396ad9fa10 Exception <a 'java/lang/NoSuchMethodError'{0x0000000085bf1728}: 'java.lang.Object java.lang.invoke.DelegatingMethodHandle$Holder.reinvoke_L(java.lang.Object, int, long, java.lang.Object, java.lang.Object, int, java.lang.Object)'> (0x0000000085bf1728) 
thrown [s\open\src\hotspot\share\interpreter\linkResolver.cpp, line 773]
Event: 5.203 Thread 0x000002396ad9fa10 Implicit null exception at 0x0000023916e908e6 to 0x0000023916e9146c
Event: 5.317 Thread 0x000002396ad9fa10 Implicit null exception at 0x0000023916d6f127 to 0x0000023916d6f798
Event: 5.343 Thread 0x000002396ad9fa10 Implicit null exception at 0x0000023916e1d6d7 to 0x0000023916e1f6f8
Event: 6.045 Thread 0x000002396ad9fa10 Exception <a 'java/lang/NoSuchMethodError'{0x0000000086e8b090}: 'java.lang.Object java.lang.invoke.DirectMethodHandle$Holder.newInvokeSpecial(java.lang.Object, java.lang.Object, java.lang.Object, java.lang.Object, java.lang.Object, java.lang.Object, java.lang.Object, java.lang.Object, java.lang.Object, java.lang.Object, java.lang.Object, java.lang.Object, java.lang.Object, java.lang.Object, java.lang.Object, java.lang.Object, java.lang.Object, java.lang.Object)'> (0x0000000086e8b090) 
thrown [s\open\src\ho
Event: 6.049 Thread 0x000002396ad9fa10 Exception <a 'java/lang/NoSuchMethodError'{0x0000000086d5bdd8}: 'java.lang.Object java.lang.invoke.DirectMethodHandle$Holder.newInvokeSpecial(java.lang.Object, java.lang.Object, java.lang.Object, java.lang.Object, java.lang.Object, java.lang.Object, java.lang.Object, java.lang.Object, java.lang.Object, java.lang.Object, java.lang.Object, java.lang.Object, java.lang.Object, java.lang.Object, java.lang.Object, java.lang.Object, java.lang.Object, java.lang.Object, java.lang.Object, java.lang.Object, java.lang
Event: 6.062 Thread 0x000002396ad9fa10 Exception <a 'java/lang/NoSuchMethodError'{0x0000000086b2e3f0}: 'java.lang.Object java.lang.invoke.DirectMethodHandle$Holder.newInvokeSpecial(java.lang.Object, java.lang.Object, java.lang.Object, java.lang.Object, java.lang.Object, java.lang.Object, java.lang.Object, java.lang.Object, java.lang.Object, java.lang.Object, java.lang.Object, java.lang.Object, java.lang.Object, java.lang.Object, java.lang.Object, java.lang.Object, java.lang.Object, java.lang.Object, java.lang.Object, java.lang.Object)'> (0x0000
Event: 6.062 Thread 0x000002396ad9fa10 Exception <a 'java/lang/NoSuchMethodError'{0x0000000086b35578}: 'java.lang.Object java.lang.invoke.DelegatingMethodHandle$Holder.reinvoke_L(java.lang.Object, java.lang.Object, java.lang.Object, java.lang.Object, java.lang.Object, java.lang.Object, java.lang.Object, java.lang.Object, java.lang.Object, java.lang.Object, java.lang.Object, java.lang.Object, java.lang.Object, java.lang.Object, java.lang.Object, java.lang.Object, java.lang.Object, java.lang.Object, java.lang.Object, java.lang.Object)'> (0x000000
Event: 6.115 Thread 0x000002396ad9fa10 Exception <a 'java/lang/NoSuchMethodError'{0x000000008644c9b8}: 'java.lang.Object java.lang.invoke.DirectMethodHandle$Holder.newInvokeSpecial(java.lang.Object, java.lang.Object, java.lang.Object, java.lang.Object, java.lang.Object, java.lang.Object, java.lang.Object, java.lang.Object, java.lang.Object, java.lang.Object, java.lang.Object, java.lang.Object, java.lang.Object, java.lang.Object, java.lang.Object, java.lang.Object)'> (0x000000008644c9b8) 
thrown [s\open\src\hotspot\share\interpreter\linkResolver
Event: 6.115 Thread 0x000002396ad9fa10 Exception <a 'java/lang/NoSuchMethodError'{0x00000000864538b0}: 'java.lang.Object java.lang.invoke.DirectMethodHandle$Holder.invokeSpecial(java.lang.Object, java.lang.Object, java.lang.Object, java.lang.Object, java.lang.Object, java.lang.Object, java.lang.Object, java.lang.Object, java.lang.Object, java.lang.Object, java.lang.Object, java.lang.Object, java.lang.Object, java.lang.Object, java.lang.Object, java.lang.Object, java.lang.Object)'> (0x00000000864538b0) 
thrown [s\open\src\hotspot\share\interpret
Event: 6.115 Thread 0x000002396ad9fa10 Exception <a 'java/lang/NoSuchMethodError'{0x0000000086459730}: 'java.lang.Object java.lang.invoke.DelegatingMethodHandle$Holder.reinvoke_L(java.lang.Object, java.lang.Object, java.lang.Object, java.lang.Object, java.lang.Object, java.lang.Object, java.lang.Object, java.lang.Object, java.lang.Object, java.lang.Object, java.lang.Object, java.lang.Object, java.lang.Object, java.lang.Object, java.lang.Object, java.lang.Object)'> (0x0000000086459730) 
thrown [s\open\src\hotspot\share\interpreter\linkResolver.c
Event: 6.122 Thread 0x000002396ad9fa10 Exception <a 'java/lang/NoSuchMethodError'{0x000000008638c3b0}: 'java.lang.Object java.lang.invoke.DirectMethodHandle$Holder.newInvokeSpecial(java.lang.Object, java.lang.Object, java.lang.Object, java.lang.Object, java.lang.Object, java.lang.Object, java.lang.Object, java.lang.Object, java.lang.Object, java.lang.Object, java.lang.Object, java.lang.Object, java.lang.Object, java.lang.Object, java.lang.Object, java.lang.Object, java.lang.Object, java.lang.Object, java.lang.Object, java.lang.Object, java.lang
Event: 6.125 Thread 0x000002396ad9fa10 Exception <a 'java/lang/NoSuchMethodError'{0x00000000862639e8}: 'java.lang.Object java.lang.invoke.DirectMethodHandle$Holder.invokeStatic(java.lang.Object, java.lang.Object, java.lang.Object, java.lang.Object, java.lang.Object, java.lang.Object, java.lang.Object, java.lang.Object, java.lang.Object, java.lang.Object, java.lang.Object, java.lang.Object, java.lang.Object, java.lang.Object, java.lang.Object, java.lang.Object, java.lang.Object, java.lang.Object, java.lang.Object, java.lang.Object, java.lang.Obj
Event: 6.148 Thread 0x000002396ad9fa10 Exception <a 'java/lang/NoSuchMethodError'{0x000000008fd0f790}: 'java.lang.Object java.lang.invoke.DirectMethodHandle$Holder.newInvokeSpecial(java.lang.Object, java.lang.Object, java.lang.Object, java.lang.Object, java.lang.Object, java.lang.Object, java.lang.Object, java.lang.Object, java.lang.Object, java.lang.Object, java.lang.Object, java.lang.Object, java.lang.Object, java.lang.Object, java.lang.Object, java.lang.Object, java.lang.Object, java.lang.Object, java.lang.Object)'> (0x000000008fd0f790) 
thr
Event: 6.148 Thread 0x000002396ad9fa10 Exception <a 'java/lang/NoSuchMethodError'{0x000000008fd16d10}: 'java.lang.Object java.lang.invoke.DirectMethodHandle$Holder.invokeSpecial(java.lang.Object, java.lang.Object, java.lang.Object, java.lang.Object, java.lang.Object, java.lang.Object, java.lang.Object, java.lang.Object, java.lang.Object, java.lang.Object, java.lang.Object, java.lang.Object, java.lang.Object, java.lang.Object, java.lang.Object, java.lang.Object, java.lang.Object, java.lang.Object, java.lang.Object, java.lang.Object)'> (0x0000000
Event: 6.148 Thread 0x000002396ad9fa10 Exception <a 'java/lang/NoSuchMethodError'{0x000000008fd1d010}: 'java.lang.Object java.lang.invoke.DelegatingMethodHandle$Holder.reinvoke_L(java.lang.Object, java.lang.Object, java.lang.Object, java.lang.Object, java.lang.Object, java.lang.Object, java.lang.Object, java.lang.Object, java.lang.Object, java.lang.Object, java.lang.Object, java.lang.Object, java.lang.Object, java.lang.Object, java.lang.Object, java.lang.Object, java.lang.Object, java.lang.Object, java.lang.Object)'> (0x000000008fd1d010) 
throw
Event: 6.548 Thread 0x000002396ad9fa10 Exception <a 'java/lang/NoSuchMethodError'{0x000000008a5b5ea8}: 'java.lang.Object java.lang.invoke.DirectMethodHandle$Holder.newInvokeSpecial(java.lang.Object, java.lang.Object, java.lang.Object, java.lang.Object, int)'> (0x000000008a5b5ea8) 
thrown [s\open\src\hotspot\share\interpreter\linkResolver.cpp, line 773]
Event: 6.549 Thread 0x000002396ad9fa10 Exception <a 'java/lang/NoSuchMethodError'{0x000000008a5bbbf0}: 'java.lang.Object java.lang.invoke.DirectMethodHandle$Holder.invokeSpecial(java.lang.Object, java.lang.Object, java.lang.Object, java.lang.Object, java.lang.Object, int)'> (0x000000008a5bbbf0) 
thrown [s\open\src\hotspot\share\interpreter\linkResolver.cpp, line 773]
Event: 6.549 Thread 0x000002396ad9fa10 Exception <a 'java/lang/NoSuchMethodError'{0x000000008a5c1300}: 'java.lang.Object java.lang.invoke.Invokers$Holder.linkToTargetMethod(java.lang.Object, java.lang.Object, java.lang.Object, int, java.lang.Object)'> (0x000000008a5c1300) 
thrown [s\open\src\hotspot\share\interpreter\linkResolver.cpp, line 773]

ZGC Phase Switch (0 events):
No events

VM Operations (20 events):
Event: 5.402 Executing VM operation: G1CollectForAllocation (G1 Evacuation Pause)
Event: 5.411 Executing VM operation: G1CollectForAllocation (G1 Evacuation Pause) done
Event: 5.816 Executing VM operation: G1CollectForAllocation (G1 Evacuation Pause)
Event: 5.822 Executing VM operation: G1CollectForAllocation (G1 Evacuation Pause) done
Event: 6.130 Executing VM operation: G1CollectForAllocation (G1 Evacuation Pause)
Event: 6.135 Executing VM operation: G1CollectForAllocation (G1 Evacuation Pause) done
Event: 6.174 Executing VM operation: G1PauseRemark
Event: 6.178 Executing VM operation: G1PauseRemark done
Event: 6.196 Executing VM operation: G1PauseCleanup
Event: 6.196 Executing VM operation: G1PauseCleanup done
Event: 6.227 Executing VM operation: HandshakeAllThreads (Deoptimize)
Event: 6.227 Executing VM operation: HandshakeAllThreads (Deoptimize) done
Event: 6.254 Executing VM operation: HandshakeAllThreads (Deoptimize)
Event: 6.254 Executing VM operation: HandshakeAllThreads (Deoptimize) done
Event: 6.301 Executing VM operation: HandshakeAllThreads (Deoptimize)
Event: 6.301 Executing VM operation: HandshakeAllThreads (Deoptimize) done
Event: 6.484 Executing VM operation: G1CollectForAllocation (G1 Evacuation Pause)
Event: 6.490 Executing VM operation: G1CollectForAllocation (G1 Evacuation Pause) done
Event: 6.537 Executing VM operation: HandshakeAllThreads (Deoptimize)
Event: 6.537 Executing VM operation: HandshakeAllThreads (Deoptimize) done

Events (20 events):
Event: 6.177 Thread 0x000002392378c590 flushing nmethod 0x000002390f29c490
Event: 6.177 Thread 0x000002392378c590 flushing nmethod 0x000002390f243f90
Event: 6.177 Thread 0x000002392378c590 flushing nmethod 0x000002390f248390
Event: 6.177 Thread 0x000002392378c590 flushing nmethod 0x000002390f203890
Event: 6.177 Thread 0x000002392378c590 flushing nmethod 0x0000023916efec10
Event: 6.177 Thread 0x000002392378c590 flushing nmethod 0x0000023916ebd910
Event: 6.177 Thread 0x000002392378c590 flushing nmethod 0x0000023916edf790
Event: 6.177 Thread 0x000002392378c590 flushing nmethod 0x0000023916e97790
Event: 6.177 Thread 0x000002392378c590 flushing nmethod 0x0000023916e96a90
Event: 6.177 Thread 0x000002392378c590 flushing nmethod 0x0000023916e95090
Event: 6.177 Thread 0x000002392378c590 flushing nmethod 0x0000023916e44490
Event: 6.177 Thread 0x000002392378c590 flushing nmethod 0x0000023916e2ab10
Event: 6.177 Thread 0x000002392378c590 flushing nmethod 0x0000023916e2a310
Event: 6.177 Thread 0x000002392378c590 flushing nmethod 0x0000023916e17690
Event: 6.177 Thread 0x000002392378c590 flushing nmethod 0x0000023916e0cb90
Event: 6.177 Thread 0x000002392378c590 flushing nmethod 0x0000023916d8ec10
Event: 6.177 Thread 0x000002392378c590 flushing nmethod 0x0000023916d41110
Event: 6.177 Thread 0x000002392378c590 flushing nmethod 0x0000023916ce0210
Event: 6.177 Thread 0x000002392378c590 flushing nmethod 0x0000023916c9c110
Event: 6.178 Thread 0x000002392378c590 flushing nmethod 0x0000023916ca5810


Dynamic libraries:
0x00007ff6081d0000 - 0x00007ff6081e0000 	C:\Program Files\Java\jdk-21\bin\java.exe
0x00007ffaa9fb0000 - 0x00007ffaaa1c4000 	C:\WINDOWS\SYSTEM32\ntdll.dll
0x00007ffaa85e0000 - 0x00007ffaa86a4000 	C:\WINDOWS\System32\KERNEL32.DLL
0x00007ffaa78f0000 - 0x00007ffaa7c94000 	C:\WINDOWS\System32\KERNELBASE.dll
0x00007ffaa7640000 - 0x00007ffaa7751000 	C:\WINDOWS\System32\ucrtbase.dll
0x00007ffa9fb10000 - 0x00007ffa9fb29000 	C:\Program Files\Java\jdk-21\bin\jli.dll
0x00007ffa9fb30000 - 0x00007ffa9fb4b000 	C:\Program Files\Java\jdk-21\bin\VCRUNTIME140.dll
0x00007ffaa7ea0000 - 0x00007ffaa7f50000 	C:\WINDOWS\System32\ADVAPI32.dll
0x00007ffaa8410000 - 0x00007ffaa84b7000 	C:\WINDOWS\System32\msvcrt.dll
0x00007ffaa9e00000 - 0x00007ffaa9ea6000 	C:\WINDOWS\System32\sechost.dll
0x00007ffaa88a0000 - 0x00007ffaa89b7000 	C:\WINDOWS\System32\RPCRT4.dll
0x00007ffaa8260000 - 0x00007ffaa840e000 	C:\WINDOWS\System32\USER32.dll
0x00007ffaa7420000 - 0x00007ffaa7446000 	C:\WINDOWS\System32\win32u.dll
0x00007ffa87440000 - 0x00007ffa876d3000 	C:\WINDOWS\WinSxS\amd64_microsoft.windows.common-controls_6595b64144ccf1df_6.0.22621.2215_none_270d72677387dfc3\COMCTL32.dll
0x00007ffaa9060000 - 0x00007ffaa9089000 	C:\WINDOWS\System32\GDI32.dll
0x00007ffaa7760000 - 0x00007ffaa7878000 	C:\WINDOWS\System32\gdi32full.dll
0x00007ffaa7ca0000 - 0x00007ffaa7d3a000 	C:\WINDOWS\System32\msvcp_win.dll
0x00007ffa93eb0000 - 0x00007ffa93eba000 	C:\WINDOWS\SYSTEM32\VERSION.dll
0x00007ffaa9f30000 - 0x00007ffaa9f61000 	C:\WINDOWS\System32\IMM32.DLL
0x00007ffa9fb00000 - 0x00007ffa9fb0c000 	C:\Program Files\Java\jdk-21\bin\vcruntime140_1.dll
0x00007ffa76800000 - 0x00007ffa7688e000 	C:\Program Files\Java\jdk-21\bin\msvcp140.dll
0x00007ffa51480000 - 0x00007ffa52193000 	C:\Program Files\Java\jdk-21\bin\server\jvm.dll
0x00007ffaa9eb0000 - 0x00007ffaa9f21000 	C:\WINDOWS\System32\WS2_32.dll
0x00007ffaa6210000 - 0x00007ffaa625d000 	C:\WINDOWS\SYSTEM32\POWRPROF.dll
0x00007ffa9add0000 - 0x00007ffa9ae04000 	C:\WINDOWS\SYSTEM32\WINMM.dll
0x00007ffaa61f0000 - 0x00007ffaa6203000 	C:\WINDOWS\SYSTEM32\UMPDC.dll
0x00007ffaa64a0000 - 0x00007ffaa64b8000 	C:\WINDOWS\SYSTEM32\kernel.appcore.dll
0x00007ffa9faf0000 - 0x00007ffa9fafa000 	C:\Program Files\Java\jdk-21\bin\jimage.dll
0x00007ffaa4cb0000 - 0x00007ffaa4ede000 	C:\WINDOWS\SYSTEM32\DBGHELP.DLL
0x00007ffaa9230000 - 0x00007ffaa95ba000 	C:\WINDOWS\System32\combase.dll
0x00007ffaa87c0000 - 0x00007ffaa8897000 	C:\WINDOWS\System32\OLEAUT32.dll
0x00007ffa92900000 - 0x00007ffa92932000 	C:\WINDOWS\SYSTEM32\dbgcore.DLL
0x00007ffaa7450000 - 0x00007ffaa74ca000 	C:\WINDOWS\System32\bcryptPrimitives.dll
0x00007ffa9fad0000 - 0x00007ffa9faef000 	C:\Program Files\Java\jdk-21\bin\java.dll
0x00007ffaa95c0000 - 0x00007ffaa9de3000 	C:\WINDOWS\System32\SHELL32.dll
0x00007ffaa52c0000 - 0x00007ffaa5baa000 	C:\WINDOWS\SYSTEM32\windows.storage.dll
0x00007ffaa5180000 - 0x00007ffaa52be000 	C:\WINDOWS\SYSTEM32\wintypes.dll
0x00007ffaa8ae0000 - 0x00007ffaa8bd3000 	C:\WINDOWS\System32\SHCORE.dll
0x00007ffaa81b0000 - 0x00007ffaa820e000 	C:\WINDOWS\System32\shlwapi.dll
0x00007ffaa7290000 - 0x00007ffaa72b6000 	C:\WINDOWS\SYSTEM32\profapi.dll
0x00007ffa759f0000 - 0x00007ffa75ac7000 	C:\Program Files\Java\jdk-21\bin\jsvml.dll
0x00007ffa9fab0000 - 0x00007ffa9fac0000 	C:\Program Files\Java\jdk-21\bin\net.dll
0x00007ffa9ddc0000 - 0x00007ffa9def7000 	C:\WINDOWS\SYSTEM32\WINHTTP.dll
0x00007ffaa6920000 - 0x00007ffaa6989000 	C:\WINDOWS\system32\mswsock.dll
0x00007ffa9e890000 - 0x00007ffa9e8a6000 	C:\Program Files\Java\jdk-21\bin\nio.dll
0x00007ffa928a0000 - 0x00007ffa928b8000 	C:\Program Files\Java\jdk-21\bin\zip.dll
0x00007ffa9faa0000 - 0x00007ffa9fab0000 	C:\Program Files\Java\jdk-21\bin\verify.dll
0x00007ffa9fb70000 - 0x00007ffa9fb97000 	C:\Users\HP\.gradle\native\68d5fa5c4cc2d200863cafc0d521ce42e7d3e7ee720ec0a83991735586a16f82\windows-amd64\native-platform.dll
0x00007ffa64ce0000 - 0x00007ffa64e24000 	C:\Users\HP\.gradle\native\e376f236ea51e6404a007f0833ffe2c6e607c4080706a723a18a27aeea778392\windows-amd64\native-platform-file-events.dll
0x00007ffa9e880000 - 0x00007ffa9e88a000 	C:\Program Files\Java\jdk-21\bin\management.dll
0x00007ffa92890000 - 0x00007ffa9289b000 	C:\Program Files\Java\jdk-21\bin\management_ext.dll
0x00007ffaa7d40000 - 0x00007ffaa7d48000 	C:\WINDOWS\System32\PSAPI.DLL
0x00007ffaa6b70000 - 0x00007ffaa6b8b000 	C:\WINDOWS\SYSTEM32\CRYPTSP.dll
0x00007ffaa6410000 - 0x00007ffaa6445000 	C:\WINDOWS\system32\rsaenh.dll
0x00007ffaa6a10000 - 0x00007ffaa6a3c000 	C:\WINDOWS\SYSTEM32\USERENV.dll
0x00007ffaa6d10000 - 0x00007ffaa6d38000 	C:\WINDOWS\SYSTEM32\bcrypt.dll
0x00007ffaa6b90000 - 0x00007ffaa6b9c000 	C:\WINDOWS\SYSTEM32\CRYPTBASE.dll
0x00007ffaa5e00000 - 0x00007ffaa5e2d000 	C:\WINDOWS\SYSTEM32\IPHLPAPI.DLL
0x00007ffaa9df0000 - 0x00007ffaa9df9000 	C:\WINDOWS\System32\NSI.dll
0x00007ffa8e010000 - 0x00007ffa8e017000 	C:\Program Files\Java\jdk-21\bin\extnet.dll
0x00007ffa8e000000 - 0x00007ffa8e00e000 	C:\Program Files\Java\jdk-21\bin\sunmscapi.dll
0x00007ffaa74d0000 - 0x00007ffaa7636000 	C:\WINDOWS\System32\CRYPT32.dll
0x00007ffaa6ce0000 - 0x00007ffaa6d0e000 	C:\WINDOWS\SYSTEM32\ncrypt.dll
0x00007ffaa6ca0000 - 0x00007ffaa6cd7000 	C:\WINDOWS\SYSTEM32\NTASN1.dll
0x00007ffa86360000 - 0x00007ffa86368000 	C:\WINDOWS\system32\wshunix.dll

dbghelp: loaded successfully - version: 4.0.5 - missing functions: none
symbol engine: initialized successfully - sym options: 0x614 - pdb path: .;C:\Program Files\Java\jdk-21\bin;C:\WINDOWS\SYSTEM32;C:\WINDOWS\WinSxS\amd64_microsoft.windows.common-controls_6595b64144ccf1df_6.0.22621.2215_none_270d72677387dfc3;C:\Program Files\Java\jdk-21\bin\server;C:\Users\HP\.gradle\native\68d5fa5c4cc2d200863cafc0d521ce42e7d3e7ee720ec0a83991735586a16f82\windows-amd64;C:\Users\HP\.gradle\native\e376f236ea51e6404a007f0833ffe2c6e607c4080706a723a18a27aeea778392\windows-amd64

VM Arguments:
jvm_args: --add-opens=java.base/java.util=ALL-UNNAMED --add-opens=java.base/java.lang=ALL-UNNAMED --add-opens=java.base/java.lang.invoke=ALL-UNNAMED --add-opens=java.prefs/java.util.prefs=ALL-UNNAMED --add-opens=java.base/java.nio.charset=ALL-UNNAMED --add-opens=java.base/java.net=ALL-UNNAMED --add-opens=java.base/java.util.concurrent.atomic=ALL-UNNAMED -Xmx2048m -Dfile.encoding=UTF-8 -Duser.country=IN -Duser.language=en -Duser.variant 
java_command: org.gradle.launcher.daemon.bootstrap.GradleDaemon 8.0
java_class_path (initial): C:\Users\HP\.gradle\wrapper\dists\gradle-8.0-bin\ca5e32bp14vu59qr306oxotwh\gradle-8.0\lib\gradle-launcher-8.0.jar
Launcher Type: SUN_STANDARD

[Global flags]
     intx CICompilerCount                          = 4                                         {product} {ergonomic}
     uint ConcGCThreads                            = 2                                         {product} {ergonomic}
     uint G1ConcRefinementThreads                  = 8                                         {product} {ergonomic}
   size_t G1HeapRegionSize                         = 1048576                                   {product} {ergonomic}
    uintx GCDrainStackTargetSize                   = 64                                        {product} {ergonomic}
   size_t InitialHeapSize                          = 266338304                                 {product} {ergonomic}
   size_t MarkStackSize                            = 4194304                                   {product} {ergonomic}
   size_t MaxHeapSize                              = 2147483648                                {product} {command line}
   size_t MaxNewSize                               = 1287651328                                {product} {ergonomic}
   size_t MinHeapDeltaBytes                        = 1048576                                   {product} {ergonomic}
   size_t MinHeapSize                              = 8388608                                   {product} {ergonomic}
    uintx NonNMethodCodeHeapSize                   = 5839372                                {pd product} {ergonomic}
    uintx NonProfiledCodeHeapSize                  = 122909434                              {pd product} {ergonomic}
    uintx ProfiledCodeHeapSize                     = 122909434                              {pd product} {ergonomic}
    uintx ReservedCodeCacheSize                    = 251658240                              {pd product} {ergonomic}
     bool SegmentedCodeCache                       = true                                      {product} {ergonomic}
   size_t SoftMaxHeapSize                          = 2147483648                             {manageable} {ergonomic}
     bool UseCompressedOops                        = true                           {product lp64_product} {ergonomic}
     bool UseG1GC                                  = true                                      {product} {ergonomic}
     bool UseLargePagesIndividualAllocation        = false                                  {pd product} {ergonomic}

Logging:
Log output configuration:
 #0: stdout all=warning uptime,level,tags foldmultilines=false
 #1: stderr all=off uptime,level,tags foldmultilines=false

Environment Variables:
PATH=C:\Program Files\Common Files\Oracle\Java\javapath;C:\Program Files (x86)\Common Files\Oracle\Java\javapath;C:\SQL\WINDOWS.X64_193000_db_home\bin;C:\Program Files (x86)\VMware\VMware Workstation\bin\;C:\ProgramData\Oracle\Java\javapath;C:\BlueJ\jdk\bin;C:\windows\system32;C:\windows;C:\windows\System32\Wbem;C:\windows\System32\WindowsPowerShell\v1.0\;C:\windows\System32\OpenSSH\;C:\Program Files (x86)\NVIDIA Corporation\PhysX\Common;C:\Program Files\NVIDIA Corporation\NVIDIA NvDLISR;C:\MinGW\bin;C:\WINDOWS\system32;C:\WINDOWS;C:\WINDOWS\System32\Wbem;C:\WINDOWS\System32\WindowsPowerShell\v1.0\;C:\WINDOWS\System32\OpenSSH\;C:\mongodb-win32-x86_64-windows-6.0.3\bin;C:\mongosh-1.6.1-win32-x64\bin;C:\GnuWin32\bin;C:\Dev-Cpp\TDM-GCC-64\bin;C:\Users\HP\AppData\Local\Programs\Python\Python310\Scripts\;C:\Users\HP\AppData\Local\Programs\Python\Python310\;C:\Users\HP\AppData\Local\Microsoft\WindowsApps;C:\Users\HP\AppData\Local\Programs\Microsoft VS Code\bin;C:\Users\HP\AppData\Local\GitHubDesktop\bin;C:\mongodb-win32-x86_64-windows-6.0.3\bin;C:\mongosh-1.6.1-win32-x64\bin;C:\Users\HP\Downloads\kotlin-compiler-1.8.10\kotlinc\bin;
USERNAME=HP
OS=Windows_NT
PROCESSOR_IDENTIFIER=Intel64 Family 6 Model 140 Stepping 1, GenuineIntel
TMP=C:\Users\HP\AppData\Local\Temp
TEMP=C:\Users\HP\AppData\Local\Temp




---------------  S Y S T E M  ---------------

OS:
 Windows 11 , 64 bit Build 22621 (10.0.22621.2215)
OS uptime: 0 days 0:15 hours
Hyper-V role detected

CPU: total 8 (initial active 8) (4 cores per cpu, 2 threads per core) family 6 model 140 stepping 1 microcode 0xac, cx8, cmov, fxsr, ht, mmx, 3dnowpref, sse, sse2, sse3, ssse3, sse4.1, sse4.2, popcnt, lzcnt, tsc, tscinvbit, avx, avx2, aes, erms, clmul, bmi1, bmi2, adx, avx512f, avx512dq, avx512cd, avx512bw, avx512vl, sha, fma, vzeroupper, avx512_vpopcntdq, avx512_vpclmulqdq, avx512_vaes, avx512_vnni, clflush, clflushopt, clwb, avx512_vbmi2, avx512_vbmi, hv, rdtscp, rdpid, fsrm, gfni, avx512_bitalg, f16c, cet_ibt, cet_ss, avx512_ifma
Processor Information for all 8 processors :
  Max Mhz: 2419, Current Mhz: 2419, Mhz Limit: 2419

Memory: 4k page, system-wide physical 16149M (4416M free)
TotalPageFile size 20245M (AvailPageFile size 4M)
current process WorkingSet (physical memory assigned to process): 422M, peak: 422M
current process commit charge ("private bytes"): 466M, peak: 467M

vm_info: Java HotSpot(TM) 64-Bit Server VM (21+35-LTS-2513) for windows-amd64 JRE (21+35-LTS-2513), built on 2023-08-09T20:25:10Z by "mach5one" with MS VC++ 17.1 (VS2022)

END.
