#
# There is insufficient memory for the Java Runtime Environment to continue.
# Native memory allocation (mmap) failed to map 35651584 bytes for G1 virtual space
# Possible reasons:
#   The system is out of physical RAM or swap space
#   The process is running with CompressedOops enabled, and the Java Heap may be blocking the growth of the native heap
# Possible solutions:
#   Reduce memory load on the system
#   Increase physical memory or swap space
#   Check if swap backing store is full
#   Decrease Java heap size (-Xmx/-Xms)
#   Decrease number of Java threads
#   Decrease Java thread stack sizes (-Xss)
#   Set larger code cache with -XX:ReservedCodeCacheSize=
#   JVM is running with Unscaled Compressed Oops mode in which the Java heap is
#     placed in the first 4GB address space. The Java Heap base address is the
#     maximum limit for the native heap growth. Please use -XX:HeapBaseMinAddress
#     to set the Java Heap base and to place the Java Heap above 4GB virtual address.
# This output file may be truncated or incomplete.
#
#  Out of Memory Error (os_windows.cpp:3600), pid=21980, tid=13464
#
# JRE version: Java(TM) SE Runtime Environment (21.0+35) (build 21+35-LTS-2513)
# Java VM: Java HotSpot(TM) 64-Bit Server VM (21+35-LTS-2513, mixed mode, sharing, tiered, compressed oops, compressed class ptrs, g1 gc, windows-amd64)
# No core dump will be written. Minidumps are not enabled by default on client versions of Windows
#

---------------  S U M M A R Y ------------

Command Line: --add-opens=java.base/java.util.concurrent.atomic=ALL-UNNAMED --add-opens=java.base/java.util=ALL-UNNAMED --add-opens=java.base/java.lang=ALL-UNNAMED --add-opens=java.base/java.lang.invoke=ALL-UNNAMED --add-opens=java.prefs/java.util.prefs=ALL-UNNAMED --add-opens=java.base/java.nio.charset=ALL-UNNAMED --add-opens=java.base/java.net=ALL-UNNAMED --add-opens=java.base/java.util.concurrent.atomic=ALL-UNNAMED -Xmx2048m -Dfile.encoding=UTF-8 -Duser.country=IN -Duser.language=en -Duser.variant org.gradle.launcher.daemon.bootstrap.GradleDaemon 8.0

Host: 11th Gen Intel(R) Core(TM) i5-1135G7 @ 2.40GHz, 8 cores, 15G,  Windows 11 , 64 bit Build 22621 (10.0.22621.2215)
Time: Tue Sep 26 12:30:26 2023 India Standard Time elapsed time: 8.385248 seconds (0d 0h 0m 8s)

---------------  T H R E A D  ---------------

Current thread (0x0000025f27b30630):  VMThread "VM Thread"          [id=13464, stack(0x000000cbb0a00000,0x000000cbb0b00000) (1024K)]

Stack: [0x000000cbb0a00000,0x000000cbb0b00000]
Native frames: (J=compiled Java code, j=interpreted, Vv=VM code, C=native code)
V  [jvm.dll+0x6c8d39]
V  [jvm.dll+0x854091]
V  [jvm.dll+0x85630e]
V  [jvm.dll+0x8569e3]
V  [jvm.dll+0x2809a6]
V  [jvm.dll+0x6c5425]
V  [jvm.dll+0x6b9e1a]
V  [jvm.dll+0x3555ba]
V  [jvm.dll+0x35d206]
V  [jvm.dll+0x3adf6e]
V  [jvm.dll+0x3ae218]
V  [jvm.dll+0x328fcc]
V  [jvm.dll+0x329057]
V  [jvm.dll+0x36d90c]
V  [jvm.dll+0x36c10d]
V  [jvm.dll+0x328741]
V  [jvm.dll+0x36b81a]
V  [jvm.dll+0x85c4e8]
V  [jvm.dll+0x85d5e4]
V  [jvm.dll+0x85db20]
V  [jvm.dll+0x85ddc3]
V  [jvm.dll+0x7fd2c8]
V  [jvm.dll+0x6c748d]
C  [ucrtbase.dll+0x29363]
C  [KERNEL32.DLL+0x1257d]
C  [ntdll.dll+0x5aa68]

VM_Operation (0x000000cbb22f40c0): G1CollectForAllocation, mode: safepoint, requested by thread 0x0000025f6ea538e0


---------------  P R O C E S S  ---------------

Threads class SMR info:
_java_thread_list=0x0000025f6d3ca3d0, length=43, elements={
0x0000025f08f0db20, 0x0000025f6d00f670, 0x0000025f6d010740, 0x0000025f6d012600,
0x0000025f6d015260, 0x0000025f6d015ee0, 0x0000025f6d017b70, 0x0000025f6d018b20,
0x0000025f6d052780, 0x0000025f6d1aec60, 0x0000025f6d1af390, 0x0000025f6efb9d20,
0x0000025f6ef19bf0, 0x0000025f6e522940, 0x0000025f6ea9ef10, 0x0000025f6f1b1860,
0x0000025f6f14ebd0, 0x0000025f6ea538e0, 0x0000025f6ea6bc30, 0x0000025f6ea6c950,
0x0000025f6ea6c2c0, 0x0000025f6ea6cfe0, 0x0000025f6ea6f0b0, 0x0000025f6ea6d670,
0x0000025f6ea6dd00, 0x0000025f6ea6e390, 0x0000025f7015c7a0, 0x0000025f7015ce30,
0x0000025f7015c110, 0x0000025f7015ba80, 0x0000025f7015db50, 0x0000025f7015e1e0,
0x0000025f7015b3f0, 0x0000025f70159320, 0x0000025f701602b0, 0x0000025f7015d4c0,
0x0000025f701599b0, 0x0000025f7015e870, 0x0000025f7015ef00, 0x0000025f7015f590,
0x0000025f7015a6d0, 0x0000025f7051f1a0, 0x0000025f705dbf00
}

Java Threads: ( => current thread )
  0x0000025f08f0db20 JavaThread "main"                              [_thread_blocked, id=13308, stack(0x000000cbb0300000,0x000000cbb0400000) (1024K)]
  0x0000025f6d00f670 JavaThread "Reference Handler"          daemon [_thread_blocked, id=8292, stack(0x000000cbb0b00000,0x000000cbb0c00000) (1024K)]
  0x0000025f6d010740 JavaThread "Finalizer"                  daemon [_thread_blocked, id=15020, stack(0x000000cbb0c00000,0x000000cbb0d00000) (1024K)]
  0x0000025f6d012600 JavaThread "Signal Dispatcher"          daemon [_thread_blocked, id=16496, stack(0x000000cbb0d00000,0x000000cbb0e00000) (1024K)]
  0x0000025f6d015260 JavaThread "Attach Listener"            daemon [_thread_blocked, id=3404, stack(0x000000cbb0e00000,0x000000cbb0f00000) (1024K)]
  0x0000025f6d015ee0 JavaThread "Service Thread"             daemon [_thread_blocked, id=21196, stack(0x000000cbb0f00000,0x000000cbb1000000) (1024K)]
  0x0000025f6d017b70 JavaThread "Monitor Deflation Thread"   daemon [_thread_blocked, id=17832, stack(0x000000cbb1000000,0x000000cbb1100000) (1024K)]
  0x0000025f6d018b20 JavaThread "C2 CompilerThread0"         daemon [_thread_blocked, id=20988, stack(0x000000cbb1100000,0x000000cbb1200000) (1024K)]
  0x0000025f6d052780 JavaThread "C1 CompilerThread0"         daemon [_thread_blocked, id=14536, stack(0x000000cbb1200000,0x000000cbb1300000) (1024K)]
  0x0000025f6d1aec60 JavaThread "Common-Cleaner"             daemon [_thread_blocked, id=2524, stack(0x000000cbb1300000,0x000000cbb1400000) (1024K)]
  0x0000025f6d1af390 JavaThread "Notification Thread"        daemon [_thread_blocked, id=2520, stack(0x000000cbb1400000,0x000000cbb1500000) (1024K)]
  0x0000025f6efb9d20 JavaThread "Daemon health stats"               [_thread_blocked, id=3636, stack(0x000000cbb1c00000,0x000000cbb1d00000) (1024K)]
  0x0000025f6ef19bf0 JavaThread "Incoming local TCP Connector on port 50855"        [_thread_in_native, id=20856, stack(0x000000cbb1d00000,0x000000cbb1e00000) (1024K)]
  0x0000025f6e522940 JavaThread "Daemon periodic checks"            [_thread_blocked, id=13584, stack(0x000000cbb1e00000,0x000000cbb1f00000) (1024K)]
  0x0000025f6ea9ef10 JavaThread "Daemon"                            [_thread_blocked, id=17016, stack(0x000000cbb1f00000,0x000000cbb2000000) (1024K)]
  0x0000025f6f1b1860 JavaThread "Handler for socket connection from /127.0.0.1:50855 to /127.0.0.1:50856"        [_thread_in_native, id=20048, stack(0x000000cbb2000000,0x000000cbb2100000) (1024K)]
  0x0000025f6f14ebd0 JavaThread "Cancel handler"                    [_thread_blocked, id=18740, stack(0x000000cbb2100000,0x000000cbb2200000) (1024K)]
  0x0000025f6ea538e0 JavaThread "Daemon worker"                     [_thread_blocked, id=21592, stack(0x000000cbb2200000,0x000000cbb2300000) (1024K)]
  0x0000025f6ea6bc30 JavaThread "Asynchronous log dispatcher for DefaultDaemonConnection: socket connection from /127.0.0.1:50855 to /127.0.0.1:50856"        [_thread_blocked, id=14940, stack(0x000000cbb2300000,0x000000cbb2400000) (1024K)]
  0x0000025f6ea6c950 JavaThread "Stdin handler"                     [_thread_blocked, id=16156, stack(0x000000cbb2400000,0x000000cbb2500000) (1024K)]
  0x0000025f6ea6c2c0 JavaThread "Daemon client event forwarder"        [_thread_blocked, id=15856, stack(0x000000cbb2500000,0x000000cbb2600000) (1024K)]
  0x0000025f6ea6cfe0 JavaThread "Cache worker for journal cache (C:\Users\HP\.gradle\caches\journal-1)"        [_thread_blocked, id=2344, stack(0x000000cbb2600000,0x000000cbb2700000) (1024K)]
  0x0000025f6ea6f0b0 JavaThread "File lock request listener"        [_thread_in_native, id=13512, stack(0x000000cbb2700000,0x000000cbb2800000) (1024K)]
  0x0000025f6ea6d670 JavaThread "Cache worker for file hash cache (C:\Users\HP\.gradle\caches\8.0\fileHashes)"        [_thread_blocked, id=21776, stack(0x000000cbb2800000,0x000000cbb2900000) (1024K)]
  0x0000025f6ea6dd00 JavaThread "File watcher server"        daemon [_thread_in_native, id=8624, stack(0x000000cbb2900000,0x000000cbb2a00000) (1024K)]
  0x0000025f6ea6e390 JavaThread "File watcher consumer"      daemon [_thread_blocked, id=19732, stack(0x000000cbb2a00000,0x000000cbb2b00000) (1024K)]
  0x0000025f7015c7a0 JavaThread "jar transforms"                    [_thread_blocked, id=17004, stack(0x000000cbb2e00000,0x000000cbb2f00000) (1024K)]
  0x0000025f7015ce30 JavaThread "jar transforms Thread 2"           [_thread_blocked, id=16780, stack(0x000000cbb2f00000,0x000000cbb3000000) (1024K)]
  0x0000025f7015c110 JavaThread "jar transforms Thread 3"           [_thread_blocked, id=4292, stack(0x000000cbb3000000,0x000000cbb3100000) (1024K)]
  0x0000025f7015ba80 JavaThread "jar transforms Thread 4"           [_thread_blocked, id=6664, stack(0x000000cbb3100000,0x000000cbb3200000) (1024K)]
  0x0000025f7015db50 JavaThread "jar transforms Thread 5"           [_thread_blocked, id=20088, stack(0x000000cbb3200000,0x000000cbb3300000) (1024K)]
  0x0000025f7015e1e0 JavaThread "jar transforms Thread 6"           [_thread_blocked, id=12104, stack(0x000000cbb3300000,0x000000cbb3400000) (1024K)]
  0x0000025f7015b3f0 JavaThread "jar transforms Thread 7"           [_thread_blocked, id=6604, stack(0x000000cbb3400000,0x000000cbb3500000) (1024K)]
  0x0000025f70159320 JavaThread "jar transforms Thread 8"           [_thread_blocked, id=3012, stack(0x000000cbb3500000,0x000000cbb3600000) (1024K)]
  0x0000025f701602b0 JavaThread "Cache worker for checksums cache (C:\Users\HP\AndroidStudioProjects\deliveryFood\.gradle\8.0\checksums)"        [_thread_blocked, id=13568, stack(0x000000cbb3600000,0x000000cbb3700000) (1024K)]
  0x0000025f7015d4c0 JavaThread "Cache worker for cache directory md-rule (C:\Users\HP\.gradle\caches\8.0\md-rule)"        [_thread_blocked, id=13368, stack(0x000000cbb3700000,0x000000cbb3800000) (1024K)]
  0x0000025f701599b0 JavaThread "Cache worker for file content cache (C:\Users\HP\.gradle\caches\8.0\fileContent)"        [_thread_blocked, id=21744, stack(0x000000cbb3800000,0x000000cbb3900000) (1024K)]
  0x0000025f7015e870 JavaThread "Cache worker for file hash cache (C:\Users\HP\AndroidStudioProjects\deliveryFood\.gradle\8.0\fileHashes)"        [_thread_blocked, id=19116, stack(0x000000cbb3900000,0x000000cbb3a00000) (1024K)]
  0x0000025f7015ef00 JavaThread "Cache worker for cache directory md-supplier (C:\Users\HP\.gradle\caches\8.0\md-supplier)"        [_thread_blocked, id=13268, stack(0x000000cbb3a00000,0x000000cbb3b00000) (1024K)]
  0x0000025f7015f590 JavaThread "Cache worker for execution history cache (C:\Users\HP\.gradle\caches\8.0\executionHistory)"        [_thread_blocked, id=8560, stack(0x000000cbb3b00000,0x000000cbb3c00000) (1024K)]
  0x0000025f7015a6d0 JavaThread "Cache worker for kotlin-dsl (C:\Users\HP\.gradle\caches\8.0\kotlin-dsl)"        [_thread_blocked, id=6820, stack(0x000000cbb3c00000,0x000000cbb3d00000) (1024K)]
  0x0000025f7051f1a0 JavaThread "C2 CompilerThread1"         daemon [_thread_blocked, id=19048, stack(0x000000cbb1500000,0x000000cbb1600000) (1024K)]
  0x0000025f705dbf00 JavaThread "C2 CompilerThread2"         daemon [_thread_blocked, id=15584, stack(0x000000cbb1600000,0x000000cbb1700000) (1024K)]
Total: 43

Other Threads:
=>0x0000025f27b30630 VMThread "VM Thread"                           [id=13464, stack(0x000000cbb0a00000,0x000000cbb0b00000) (1024K)]
  0x0000025f27b19e10 WatcherThread "VM Periodic Task Thread"        [id=1124, stack(0x000000cbb0900000,0x000000cbb0a00000) (1024K)]
  0x0000025f0b17b850 WorkerThread "GC Thread#0"                     [id=9012, stack(0x000000cbb0400000,0x000000cbb0500000) (1024K)]
  0x0000025f6ddb3c30 WorkerThread "GC Thread#1"                     [id=8264, stack(0x000000cbb1700000,0x000000cbb1800000) (1024K)]
  0x0000025f6ddb3fd0 WorkerThread "GC Thread#2"                     [id=14944, stack(0x000000cbb1800000,0x000000cbb1900000) (1024K)]
  0x0000025f6ddb4370 WorkerThread "GC Thread#3"                     [id=20176, stack(0x000000cbb1900000,0x000000cbb1a00000) (1024K)]
  0x0000025f6e038810 WorkerThread "GC Thread#4"                     [id=16472, stack(0x000000cbb1a00000,0x000000cbb1b00000) (1024K)]
  0x0000025f6e038bb0 WorkerThread "GC Thread#5"                     [id=3128, stack(0x000000cbb1b00000,0x000000cbb1c00000) (1024K)]
  0x0000025f6f20de00 WorkerThread "GC Thread#6"                     [id=20068, stack(0x000000cbb2b00000,0x000000cbb2c00000) (1024K)]
  0x0000025f6f20e8e0 WorkerThread "GC Thread#7"                     [id=2528, stack(0x000000cbb2c00000,0x000000cbb2d00000) (1024K)]
  0x0000025f0b18c9e0 ConcurrentGCThread "G1 Main Marker"            [id=7068, stack(0x000000cbb0500000,0x000000cbb0600000) (1024K)]
  0x0000025f0b18d4e0 WorkerThread "G1 Conc#0"                       [id=14628, stack(0x000000cbb0600000,0x000000cbb0700000) (1024K)]
  0x0000025f6f20da60 WorkerThread "G1 Conc#1"                       [id=3596, stack(0x000000cbb2d00000,0x000000cbb2e00000) (1024K)]
  0x0000025f279ee200 ConcurrentGCThread "G1 Refine#0"               [id=13788, stack(0x000000cbb0700000,0x000000cbb0800000) (1024K)]
  0x0000025f279eed30 ConcurrentGCThread "G1 Service"                [id=8088, stack(0x000000cbb0800000,0x000000cbb0900000) (1024K)]
Total: 15

Threads with active compile tasks:
Total: 0

VM state: at safepoint (normal execution)

VM Mutex/Monitor currently owned by a thread:  ([mutex/lock_event])
[0x00007ffa520b8548] Threads_lock - owner thread: 0x0000025f27b30630
[0x00007ffa520b8648] Heap_lock - owner thread: 0x0000025f6ea538e0

Heap address: 0x0000000080000000, size: 2048 MB, Compressed Oops mode: 32-bit

CDS archive(s) mapped at: [0x0000025f28000000-0x0000025f28c90000-0x0000025f28c90000), size 13172736, SharedBaseAddress: 0x0000025f28000000, ArchiveRelocationMode: 1.
Compressed class space mapped at: 0x0000025f29000000-0x0000025f69000000, reserved size: 1073741824
Narrow klass base: 0x0000025f28000000, Narrow klass shift: 0, Narrow klass range: 0x100000000

GC Precious Log:
 CardTable entry size: 512
 Card Set container configuration: InlinePtr #cards 5 size 8 Array Of Cards #cards 12 size 40 Howl #buckets 4 coarsen threshold 1843 Howl Bitmap #cards 512 size 80 coarsen threshold 460 Card regions per heap region 1 cards per card region 2048
 CPUs: 8 total, 8 available
 Memory: 16149M
 Large Page Support: Disabled
 NUMA Support: Disabled
 Compressed Oops: Enabled (32-bit)
 Heap Region Size: 1M
 Heap Min Capacity: 8M
 Heap Initial Capacity: 254M
 Heap Max Capacity: 2G
 Pre-touch: Disabled
 Parallel Workers: 8
 Concurrent Workers: 2
 Concurrent Refinement Workers: 8
 Periodic GC: Disabled

Heap:
 garbage-first heap   total 174080K, used 94682K [0x0000000080000000, 0x0000000100000000)
  region size 1024K, 8 young (8192K), 8 survivors (8192K)
 Metaspace       used 84893K, committed 86912K, reserved 1179648K
  class space    used 11391K, committed 12416K, reserved 1048576K

Heap Regions: E=young(eden), S=young(survivor), O=old, HS=humongous(starts), HC=humongous(continues), CS=collection set, F=free, TAMS=top-at-mark-start, PB=parsable bottom
|   0|0x0000000080000000, 0x0000000080100000, 0x0000000080100000|100%|HS|  |TAMS 0x0000000080000000| PB 0x0000000080000000| Complete 
|   1|0x0000000080100000, 0x0000000080200000, 0x0000000080200000|100%|HC|  |TAMS 0x0000000080100000| PB 0x0000000080100000| Complete 
|   2|0x0000000080200000, 0x0000000080300000, 0x0000000080300000|100%|HC|  |TAMS 0x0000000080200000| PB 0x0000000080200000| Complete 
|   3|0x0000000080300000, 0x0000000080400000, 0x0000000080400000|100%|HC|  |TAMS 0x0000000080300000| PB 0x0000000080300000| Complete 
|   4|0x0000000080400000, 0x0000000080500000, 0x0000000080500000|100%| O|  |TAMS 0x0000000080400000| PB 0x0000000080400000| Untracked 
|   5|0x0000000080500000, 0x0000000080600000, 0x0000000080600000|100%| O|  |TAMS 0x0000000080500000| PB 0x0000000080500000| Untracked 
|   6|0x0000000080600000, 0x0000000080700000, 0x0000000080700000|100%| O|  |TAMS 0x0000000080600000| PB 0x0000000080600000| Untracked 
|   7|0x0000000080700000, 0x0000000080800000, 0x0000000080800000|100%| O|  |TAMS 0x0000000080700000| PB 0x0000000080700000| Untracked 
|   8|0x0000000080800000, 0x0000000080900000, 0x0000000080900000|100%| O|  |TAMS 0x0000000080800000| PB 0x0000000080800000| Untracked 
|   9|0x0000000080900000, 0x0000000080a00000, 0x0000000080a00000|100%| O|  |TAMS 0x0000000080900000| PB 0x0000000080900000| Untracked 
|  10|0x0000000080a00000, 0x0000000080b00000, 0x0000000080b00000|100%| O|  |TAMS 0x0000000080a00000| PB 0x0000000080a00000| Untracked 
|  11|0x0000000080b00000, 0x0000000080c00000, 0x0000000080c00000|100%| O|  |TAMS 0x0000000080b00000| PB 0x0000000080b00000| Untracked 
|  12|0x0000000080c00000, 0x0000000080d00000, 0x0000000080d00000|100%|HS|  |TAMS 0x0000000080c00000| PB 0x0000000080c00000| Complete 
|  13|0x0000000080d00000, 0x0000000080e00000, 0x0000000080e00000|100%|HC|  |TAMS 0x0000000080d00000| PB 0x0000000080d00000| Complete 
|  14|0x0000000080e00000, 0x0000000080f00000, 0x0000000080f00000|100%|HS|  |TAMS 0x0000000080e00000| PB 0x0000000080e00000| Complete 
|  15|0x0000000080f00000, 0x0000000081000000, 0x0000000081000000|100%|HC|  |TAMS 0x0000000080f00000| PB 0x0000000080f00000| Complete 
|  16|0x0000000081000000, 0x0000000081100000, 0x0000000081100000|100%|HC|  |TAMS 0x0000000081000000| PB 0x0000000081000000| Complete 
|  17|0x0000000081100000, 0x0000000081200000, 0x0000000081200000|100%|HS|  |TAMS 0x0000000081100000| PB 0x0000000081100000| Complete 
|  18|0x0000000081200000, 0x0000000081300000, 0x0000000081300000|100%|HC|  |TAMS 0x0000000081200000| PB 0x0000000081200000| Complete 
|  19|0x0000000081300000, 0x0000000081400000, 0x0000000081400000|100%|HC|  |TAMS 0x0000000081300000| PB 0x0000000081300000| Complete 
|  20|0x0000000081400000, 0x0000000081500000, 0x0000000081500000|100%| O|  |TAMS 0x0000000081400000| PB 0x0000000081400000| Untracked 
|  21|0x0000000081500000, 0x0000000081600000, 0x0000000081600000|100%| O|  |TAMS 0x0000000081500000| PB 0x0000000081500000| Untracked 
|  22|0x0000000081600000, 0x0000000081700000, 0x0000000081700000|100%| O|  |TAMS 0x0000000081600000| PB 0x0000000081600000| Untracked 
|  23|0x0000000081700000, 0x0000000081800000, 0x0000000081800000|100%| O|  |TAMS 0x0000000081700000| PB 0x0000000081700000| Untracked 
|  24|0x0000000081800000, 0x0000000081900000, 0x0000000081900000|100%| O|  |TAMS 0x0000000081800000| PB 0x0000000081800000| Untracked 
|  25|0x0000000081900000, 0x0000000081a00000, 0x0000000081a00000|100%| O|  |TAMS 0x0000000081900000| PB 0x0000000081900000| Untracked 
|  26|0x0000000081a00000, 0x0000000081b00000, 0x0000000081b00000|100%| O|  |TAMS 0x0000000081a00000| PB 0x0000000081a00000| Untracked 
|  27|0x0000000081b00000, 0x0000000081c00000, 0x0000000081c00000|100%| O|  |TAMS 0x0000000081b00000| PB 0x0000000081b00000| Untracked 
|  28|0x0000000081c00000, 0x0000000081d00000, 0x0000000081d00000|100%| O|  |TAMS 0x0000000081c00000| PB 0x0000000081c00000| Untracked 
|  29|0x0000000081d00000, 0x0000000081d00000, 0x0000000081e00000|  0%| F|  |TAMS 0x0000000081d00000| PB 0x0000000081d00000| Untracked 
|  30|0x0000000081e00000, 0x0000000081f00000, 0x0000000081f00000|100%| O|  |TAMS 0x0000000081e00000| PB 0x0000000081e00000| Untracked 
|  31|0x0000000081f00000, 0x0000000082000000, 0x0000000082000000|100%| O|  |TAMS 0x0000000081f00000| PB 0x0000000081f00000| Untracked 
|  32|0x0000000082000000, 0x0000000082100000, 0x0000000082100000|100%| O|  |TAMS 0x0000000082000000| PB 0x0000000082000000| Untracked 
|  33|0x0000000082100000, 0x0000000082200000, 0x0000000082200000|100%| O|  |TAMS 0x0000000082100000| PB 0x0000000082100000| Untracked 
|  34|0x0000000082200000, 0x0000000082300000, 0x0000000082300000|100%| O|  |TAMS 0x0000000082200000| PB 0x0000000082200000| Untracked 
|  35|0x0000000082300000, 0x0000000082400000, 0x0000000082400000|100%| O|  |TAMS 0x0000000082300000| PB 0x0000000082300000| Untracked 
|  36|0x0000000082400000, 0x0000000082500000, 0x0000000082500000|100%| O|  |TAMS 0x0000000082400000| PB 0x0000000082400000| Untracked 
|  37|0x0000000082500000, 0x0000000082600000, 0x0000000082600000|100%| O|  |TAMS 0x0000000082500000| PB 0x0000000082500000| Untracked 
|  38|0x0000000082600000, 0x0000000082700000, 0x0000000082700000|100%| O|  |TAMS 0x0000000082600000| PB 0x0000000082600000| Untracked 
|  39|0x0000000082700000, 0x0000000082800000, 0x0000000082800000|100%| O|  |TAMS 0x0000000082700000| PB 0x0000000082700000| Untracked 
|  40|0x0000000082800000, 0x0000000082900000, 0x0000000082900000|100%|HS|  |TAMS 0x0000000082800000| PB 0x0000000082800000| Complete 
|  41|0x0000000082900000, 0x0000000082a00000, 0x0000000082a00000|100%|HC|  |TAMS 0x0000000082900000| PB 0x0000000082900000| Complete 
|  42|0x0000000082a00000, 0x0000000082b00000, 0x0000000082b00000|100%|HC|  |TAMS 0x0000000082a00000| PB 0x0000000082a00000| Complete 
|  43|0x0000000082b00000, 0x0000000082c00000, 0x0000000082c00000|100%|HS|  |TAMS 0x0000000082b00000| PB 0x0000000082b00000| Complete 
|  44|0x0000000082c00000, 0x0000000082d00000, 0x0000000082d00000|100%|HC|  |TAMS 0x0000000082c00000| PB 0x0000000082c00000| Complete 
|  45|0x0000000082d00000, 0x0000000082e00000, 0x0000000082e00000|100%|HC|  |TAMS 0x0000000082d00000| PB 0x0000000082d00000| Complete 
|  46|0x0000000082e00000, 0x0000000082f00000, 0x0000000082f00000|100%| O|  |TAMS 0x0000000082e00000| PB 0x0000000082e00000| Untracked 
|  47|0x0000000082f00000, 0x0000000083000000, 0x0000000083000000|100%|HS|  |TAMS 0x0000000082f00000| PB 0x0000000082f00000| Complete 
|  48|0x0000000083000000, 0x0000000083100000, 0x0000000083100000|100%|HC|  |TAMS 0x0000000083000000| PB 0x0000000083000000| Complete 
|  49|0x0000000083100000, 0x0000000083200000, 0x0000000083200000|100%|HC|  |TAMS 0x0000000083100000| PB 0x0000000083100000| Complete 
|  50|0x0000000083200000, 0x0000000083300000, 0x0000000083300000|100%|HC|  |TAMS 0x0000000083200000| PB 0x0000000083200000| Complete 
|  51|0x0000000083300000, 0x0000000083400000, 0x0000000083400000|100%| O|  |TAMS 0x0000000083300000| PB 0x0000000083300000| Untracked 
|  52|0x0000000083400000, 0x0000000083500000, 0x0000000083500000|100%| O|  |TAMS 0x0000000083400000| PB 0x0000000083400000| Untracked 
|  53|0x0000000083500000, 0x0000000083600000, 0x0000000083600000|100%| O|  |TAMS 0x0000000083500000| PB 0x0000000083500000| Untracked 
|  54|0x0000000083600000, 0x0000000083700000, 0x0000000083700000|100%| O|  |TAMS 0x0000000083600000| PB 0x0000000083600000| Untracked 
|  55|0x0000000083700000, 0x0000000083800000, 0x0000000083800000|100%| O|  |TAMS 0x0000000083700000| PB 0x0000000083700000| Untracked 
|  56|0x0000000083800000, 0x0000000083900000, 0x0000000083900000|100%| O|  |TAMS 0x0000000083800000| PB 0x0000000083800000| Untracked 
|  57|0x0000000083900000, 0x0000000083a00000, 0x0000000083a00000|100%| O|  |TAMS 0x0000000083900000| PB 0x0000000083900000| Untracked 
|  58|0x0000000083a00000, 0x0000000083b00000, 0x0000000083b00000|100%| O|  |TAMS 0x0000000083a00000| PB 0x0000000083a00000| Untracked 
|  59|0x0000000083b00000, 0x0000000083c00000, 0x0000000083c00000|100%| O|  |TAMS 0x0000000083b00000| PB 0x0000000083b00000| Untracked 
|  60|0x0000000083c00000, 0x0000000083d00000, 0x0000000083d00000|100%| O|  |TAMS 0x0000000083c00000| PB 0x0000000083c00000| Untracked 
|  61|0x0000000083d00000, 0x0000000083e00000, 0x0000000083e00000|100%| O|  |TAMS 0x0000000083d00000| PB 0x0000000083d00000| Untracked 
|  62|0x0000000083e00000, 0x0000000083f00000, 0x0000000083f00000|100%| O|  |TAMS 0x0000000083e00000| PB 0x0000000083e00000| Untracked 
|  63|0x0000000083f00000, 0x0000000084000000, 0x0000000084000000|100%| O|  |TAMS 0x0000000083f00000| PB 0x0000000083f00000| Untracked 
|  64|0x0000000084000000, 0x0000000084100000, 0x0000000084100000|100%| O|  |TAMS 0x0000000084000000| PB 0x0000000084000000| Untracked 
|  65|0x0000000084100000, 0x0000000084200000, 0x0000000084200000|100%| O|  |TAMS 0x0000000084100000| PB 0x0000000084100000| Untracked 
|  66|0x0000000084200000, 0x0000000084300000, 0x0000000084300000|100%| O|  |TAMS 0x0000000084200000| PB 0x0000000084200000| Untracked 
|  67|0x0000000084300000, 0x0000000084400000, 0x0000000084400000|100%| O|  |TAMS 0x0000000084300000| PB 0x0000000084300000| Untracked 
|  68|0x0000000084400000, 0x0000000084500000, 0x0000000084500000|100%| O|  |TAMS 0x0000000084400000| PB 0x0000000084400000| Untracked 
|  69|0x0000000084500000, 0x0000000084600000, 0x0000000084600000|100%| O|  |TAMS 0x0000000084500000| PB 0x0000000084500000| Untracked 
|  70|0x0000000084600000, 0x0000000084700000, 0x0000000084700000|100%| O|  |TAMS 0x0000000084600000| PB 0x0000000084600000| Untracked 
|  71|0x0000000084700000, 0x0000000084700000, 0x0000000084800000|  0%| F|  |TAMS 0x0000000084700000| PB 0x0000000084700000| Untracked 
|  72|0x0000000084800000, 0x0000000084900000, 0x0000000084900000|100%|HS|  |TAMS 0x0000000084800000| PB 0x0000000084800000| Complete 
|  73|0x0000000084900000, 0x0000000084a00000, 0x0000000084a00000|100%|HC|  |TAMS 0x0000000084900000| PB 0x0000000084900000| Complete 
|  74|0x0000000084a00000, 0x0000000084b00000, 0x0000000084b00000|100%|HC|  |TAMS 0x0000000084a00000| PB 0x0000000084a00000| Complete 
|  75|0x0000000084b00000, 0x0000000084c00000, 0x0000000084c00000|100%|HC|  |TAMS 0x0000000084b00000| PB 0x0000000084b00000| Complete 
|  76|0x0000000084c00000, 0x0000000084d00000, 0x0000000084d00000|100%|HC|  |TAMS 0x0000000084c00000| PB 0x0000000084c00000| Complete 
|  77|0x0000000084d00000, 0x0000000084e00000, 0x0000000084e00000|100%|HC|  |TAMS 0x0000000084d00000| PB 0x0000000084d00000| Complete 
|  78|0x0000000084e00000, 0x0000000084f00000, 0x0000000084f00000|100%| O|  |TAMS 0x0000000084e00000| PB 0x0000000084e00000| Untracked 
|  79|0x0000000084f00000, 0x0000000085000000, 0x0000000085000000|100%| O|  |TAMS 0x0000000084f00000| PB 0x0000000084f00000| Untracked 
|  80|0x0000000085000000, 0x0000000085100000, 0x0000000085100000|100%| O|  |TAMS 0x0000000085000000| PB 0x0000000085000000| Untracked 
|  81|0x0000000085100000, 0x0000000085200000, 0x0000000085200000|100%| O|  |TAMS 0x0000000085100000| PB 0x0000000085100000| Untracked 
|  82|0x0000000085200000, 0x0000000085300000, 0x0000000085300000|100%| O|  |TAMS 0x0000000085200000| PB 0x0000000085200000| Untracked 
|  83|0x0000000085300000, 0x0000000085400000, 0x0000000085400000|100%| O|  |TAMS 0x0000000085300000| PB 0x0000000085300000| Untracked 
|  84|0x0000000085400000, 0x0000000085500000, 0x0000000085500000|100%| O|  |TAMS 0x0000000085400000| PB 0x0000000085400000| Untracked 
|  85|0x0000000085500000, 0x0000000085576bb0, 0x0000000085600000| 46%| O|  |TAMS 0x0000000085500000| PB 0x0000000085500000| Untracked 
|  86|0x0000000085600000, 0x0000000085600000, 0x0000000085700000|  0%| F|  |TAMS 0x0000000085600000| PB 0x0000000085600000| Untracked 
|  87|0x0000000085700000, 0x0000000085700000, 0x0000000085800000|  0%| F|  |TAMS 0x0000000085700000| PB 0x0000000085700000| Untracked 
|  88|0x0000000085800000, 0x0000000085800000, 0x0000000085900000|  0%| F|  |TAMS 0x0000000085800000| PB 0x0000000085800000| Untracked 
|  89|0x0000000085900000, 0x0000000085900000, 0x0000000085a00000|  0%| F|  |TAMS 0x0000000085900000| PB 0x0000000085900000| Untracked 
|  90|0x0000000085a00000, 0x0000000085a00000, 0x0000000085b00000|  0%| F|  |TAMS 0x0000000085a00000| PB 0x0000000085a00000| Untracked 
|  91|0x0000000085b00000, 0x0000000085b00000, 0x0000000085c00000|  0%| F|  |TAMS 0x0000000085b00000| PB 0x0000000085b00000| Untracked 
|  92|0x0000000085c00000, 0x0000000085c00000, 0x0000000085d00000|  0%| F|  |TAMS 0x0000000085c00000| PB 0x0000000085c00000| Untracked 
|  93|0x0000000085d00000, 0x0000000085d00000, 0x0000000085e00000|  0%| F|  |TAMS 0x0000000085d00000| PB 0x0000000085d00000| Untracked 
|  94|0x0000000085e00000, 0x0000000085e00000, 0x0000000085f00000|  0%| F|  |TAMS 0x0000000085e00000| PB 0x0000000085e00000| Untracked 
|  95|0x0000000085f00000, 0x0000000085f00000, 0x0000000086000000|  0%| F|  |TAMS 0x0000000085f00000| PB 0x0000000085f00000| Untracked 
|  96|0x0000000086000000, 0x0000000086000000, 0x0000000086100000|  0%| F|  |TAMS 0x0000000086000000| PB 0x0000000086000000| Untracked 
|  97|0x0000000086100000, 0x0000000086100000, 0x0000000086200000|  0%| F|  |TAMS 0x0000000086100000| PB 0x0000000086100000| Untracked 
|  98|0x0000000086200000, 0x0000000086200000, 0x0000000086300000|  0%| F|  |TAMS 0x0000000086200000| PB 0x0000000086200000| Untracked 
|  99|0x0000000086300000, 0x0000000086400000, 0x0000000086400000|100%| S|CS|TAMS 0x0000000086300000| PB 0x0000000086300000| Complete 
| 100|0x0000000086400000, 0x0000000086500000, 0x0000000086500000|100%| S|CS|TAMS 0x0000000086400000| PB 0x0000000086400000| Complete 
| 101|0x0000000086500000, 0x0000000086600000, 0x0000000086600000|100%| S|CS|TAMS 0x0000000086500000| PB 0x0000000086500000| Complete 
| 102|0x0000000086600000, 0x0000000086700000, 0x0000000086700000|100%| S|CS|TAMS 0x0000000086600000| PB 0x0000000086600000| Complete 
| 103|0x0000000086700000, 0x0000000086800000, 0x0000000086800000|100%| S|CS|TAMS 0x0000000086700000| PB 0x0000000086700000| Complete 
| 104|0x0000000086800000, 0x0000000086900000, 0x0000000086900000|100%| S|CS|TAMS 0x0000000086800000| PB 0x0000000086800000| Complete 
| 105|0x0000000086900000, 0x0000000086a00000, 0x0000000086a00000|100%| S|CS|TAMS 0x0000000086900000| PB 0x0000000086900000| Complete 
| 106|0x0000000086a00000, 0x0000000086b00000, 0x0000000086b00000|100%| S|CS|TAMS 0x0000000086a00000| PB 0x0000000086a00000| Complete 
| 107|0x0000000086b00000, 0x0000000086b00000, 0x0000000086c00000|  0%| F|  |TAMS 0x0000000086b00000| PB 0x0000000086b00000| Untracked 
| 108|0x0000000086c00000, 0x0000000086c00000, 0x0000000086d00000|  0%| F|  |TAMS 0x0000000086c00000| PB 0x0000000086c00000| Untracked 
| 109|0x0000000086d00000, 0x0000000086d00000, 0x0000000086e00000|  0%| F|  |TAMS 0x0000000086d00000| PB 0x0000000086d00000| Untracked 
| 110|0x0000000086e00000, 0x0000000086e00000, 0x0000000086f00000|  0%| F|  |TAMS 0x0000000086e00000| PB 0x0000000086e00000| Untracked 
| 111|0x0000000086f00000, 0x0000000086f00000, 0x0000000087000000|  0%| F|  |TAMS 0x0000000086f00000| PB 0x0000000086f00000| Untracked 
| 112|0x0000000087000000, 0x0000000087000000, 0x0000000087100000|  0%| F|  |TAMS 0x0000000087000000| PB 0x0000000087000000| Untracked 
| 113|0x0000000087100000, 0x0000000087100000, 0x0000000087200000|  0%| F|  |TAMS 0x0000000087100000| PB 0x0000000087100000| Untracked 
| 114|0x0000000087200000, 0x0000000087200000, 0x0000000087300000|  0%| F|  |TAMS 0x0000000087200000| PB 0x0000000087200000| Untracked 
| 115|0x0000000087300000, 0x0000000087300000, 0x0000000087400000|  0%| F|  |TAMS 0x0000000087300000| PB 0x0000000087300000| Untracked 
| 116|0x0000000087400000, 0x0000000087400000, 0x0000000087500000|  0%| F|  |TAMS 0x0000000087400000| PB 0x0000000087400000| Untracked 
| 117|0x0000000087500000, 0x0000000087500000, 0x0000000087600000|  0%| F|  |TAMS 0x0000000087500000| PB 0x0000000087500000| Untracked 
| 118|0x0000000087600000, 0x0000000087600000, 0x0000000087700000|  0%| F|  |TAMS 0x0000000087600000| PB 0x0000000087600000| Untracked 
| 119|0x0000000087700000, 0x0000000087700000, 0x0000000087800000|  0%| F|  |TAMS 0x0000000087700000| PB 0x0000000087700000| Untracked 
| 120|0x0000000087800000, 0x0000000087800000, 0x0000000087900000|  0%| F|  |TAMS 0x0000000087800000| PB 0x0000000087800000| Untracked 
| 121|0x0000000087900000, 0x0000000087900000, 0x0000000087a00000|  0%| F|  |TAMS 0x0000000087900000| PB 0x0000000087900000| Untracked 
| 122|0x0000000087a00000, 0x0000000087a00000, 0x0000000087b00000|  0%| F|  |TAMS 0x0000000087a00000| PB 0x0000000087a00000| Untracked 
| 123|0x0000000087b00000, 0x0000000087b00000, 0x0000000087c00000|  0%| F|  |TAMS 0x0000000087b00000| PB 0x0000000087b00000| Untracked 
| 124|0x0000000087c00000, 0x0000000087c00000, 0x0000000087d00000|  0%| F|  |TAMS 0x0000000087c00000| PB 0x0000000087c00000| Untracked 
| 125|0x0000000087d00000, 0x0000000087d00000, 0x0000000087e00000|  0%| F|  |TAMS 0x0000000087d00000| PB 0x0000000087d00000| Untracked 
| 126|0x0000000087e00000, 0x0000000087e00000, 0x0000000087f00000|  0%| F|  |TAMS 0x0000000087e00000| PB 0x0000000087e00000| Untracked 
| 127|0x0000000087f00000, 0x0000000087f00000, 0x0000000088000000|  0%| F|  |TAMS 0x0000000087f00000| PB 0x0000000087f00000| Untracked 
| 128|0x0000000088000000, 0x0000000088000000, 0x0000000088100000|  0%| F|  |TAMS 0x0000000088000000| PB 0x0000000088000000| Untracked 
| 129|0x0000000088100000, 0x0000000088100000, 0x0000000088200000|  0%| F|  |TAMS 0x0000000088100000| PB 0x0000000088100000| Untracked 
| 130|0x0000000088200000, 0x0000000088200000, 0x0000000088300000|  0%| F|  |TAMS 0x0000000088200000| PB 0x0000000088200000| Untracked 
| 131|0x0000000088300000, 0x0000000088300000, 0x0000000088400000|  0%| F|  |TAMS 0x0000000088300000| PB 0x0000000088300000| Untracked 
| 132|0x0000000088400000, 0x0000000088400000, 0x0000000088500000|  0%| F|  |TAMS 0x0000000088400000| PB 0x0000000088400000| Untracked 
| 133|0x0000000088500000, 0x0000000088500000, 0x0000000088600000|  0%| F|  |TAMS 0x0000000088500000| PB 0x0000000088500000| Untracked 
| 134|0x0000000088600000, 0x0000000088600000, 0x0000000088700000|  0%| F|  |TAMS 0x0000000088600000| PB 0x0000000088600000| Untracked 
| 135|0x0000000088700000, 0x0000000088700000, 0x0000000088800000|  0%| F|  |TAMS 0x0000000088700000| PB 0x0000000088700000| Untracked 
| 136|0x0000000088800000, 0x0000000088800000, 0x0000000088900000|  0%| F|  |TAMS 0x0000000088800000| PB 0x0000000088800000| Untracked 
| 137|0x0000000088900000, 0x0000000088900000, 0x0000000088a00000|  0%| F|  |TAMS 0x0000000088900000| PB 0x0000000088900000| Untracked 
| 138|0x0000000088a00000, 0x0000000088a00000, 0x0000000088b00000|  0%| F|  |TAMS 0x0000000088a00000| PB 0x0000000088a00000| Untracked 
| 139|0x0000000088b00000, 0x0000000088b00000, 0x0000000088c00000|  0%| F|  |TAMS 0x0000000088b00000| PB 0x0000000088b00000| Untracked 
| 140|0x0000000088c00000, 0x0000000088c00000, 0x0000000088d00000|  0%| F|  |TAMS 0x0000000088c00000| PB 0x0000000088c00000| Untracked 
| 141|0x0000000088d00000, 0x0000000088d00000, 0x0000000088e00000|  0%| F|  |TAMS 0x0000000088d00000| PB 0x0000000088d00000| Untracked 
| 142|0x0000000088e00000, 0x0000000088e00000, 0x0000000088f00000|  0%| F|  |TAMS 0x0000000088e00000| PB 0x0000000088e00000| Untracked 
| 143|0x0000000088f00000, 0x0000000088f00000, 0x0000000089000000|  0%| F|  |TAMS 0x0000000088f00000| PB 0x0000000088f00000| Untracked 
| 144|0x0000000089000000, 0x0000000089000000, 0x0000000089100000|  0%| F|  |TAMS 0x0000000089000000| PB 0x0000000089000000| Untracked 
| 145|0x0000000089100000, 0x0000000089100000, 0x0000000089200000|  0%| F|  |TAMS 0x0000000089100000| PB 0x0000000089100000| Untracked 
| 146|0x0000000089200000, 0x0000000089200000, 0x0000000089300000|  0%| F|  |TAMS 0x0000000089200000| PB 0x0000000089200000| Untracked 
| 147|0x0000000089300000, 0x0000000089300000, 0x0000000089400000|  0%| F|  |TAMS 0x0000000089300000| PB 0x0000000089300000| Untracked 
| 148|0x0000000089400000, 0x0000000089400000, 0x0000000089500000|  0%| F|  |TAMS 0x0000000089400000| PB 0x0000000089400000| Untracked 
| 149|0x0000000089500000, 0x0000000089500000, 0x0000000089600000|  0%| F|  |TAMS 0x0000000089500000| PB 0x0000000089500000| Untracked 
| 150|0x0000000089600000, 0x0000000089600000, 0x0000000089700000|  0%| F|  |TAMS 0x0000000089600000| PB 0x0000000089600000| Untracked 
| 151|0x0000000089700000, 0x0000000089700000, 0x0000000089800000|  0%| F|  |TAMS 0x0000000089700000| PB 0x0000000089700000| Untracked 
| 152|0x0000000089800000, 0x0000000089800000, 0x0000000089900000|  0%| F|  |TAMS 0x0000000089800000| PB 0x0000000089800000| Untracked 
| 153|0x0000000089900000, 0x0000000089900000, 0x0000000089a00000|  0%| F|  |TAMS 0x0000000089900000| PB 0x0000000089900000| Untracked 
| 154|0x0000000089a00000, 0x0000000089a00000, 0x0000000089b00000|  0%| F|  |TAMS 0x0000000089a00000| PB 0x0000000089a00000| Untracked 
| 155|0x0000000089b00000, 0x0000000089b00000, 0x0000000089c00000|  0%| F|  |TAMS 0x0000000089b00000| PB 0x0000000089b00000| Untracked 
| 156|0x0000000089c00000, 0x0000000089c00000, 0x0000000089d00000|  0%| F|  |TAMS 0x0000000089c00000| PB 0x0000000089c00000| Untracked 
| 157|0x0000000089d00000, 0x0000000089d00000, 0x0000000089e00000|  0%| F|  |TAMS 0x0000000089d00000| PB 0x0000000089d00000| Untracked 
| 158|0x0000000089e00000, 0x0000000089e00000, 0x0000000089f00000|  0%| F|  |TAMS 0x0000000089e00000| PB 0x0000000089e00000| Untracked 
| 159|0x0000000089f00000, 0x0000000089f00000, 0x000000008a000000|  0%| F|  |TAMS 0x0000000089f00000| PB 0x0000000089f00000| Untracked 
| 160|0x000000008a000000, 0x000000008a000000, 0x000000008a100000|  0%| F|  |TAMS 0x000000008a000000| PB 0x000000008a000000| Untracked 
| 161|0x000000008a100000, 0x000000008a100000, 0x000000008a200000|  0%| F|  |TAMS 0x000000008a100000| PB 0x000000008a100000| Untracked 
| 162|0x000000008a200000, 0x000000008a200000, 0x000000008a300000|  0%| F|  |TAMS 0x000000008a200000| PB 0x000000008a200000| Untracked 
| 163|0x000000008a300000, 0x000000008a300000, 0x000000008a400000|  0%| F|  |TAMS 0x000000008a300000| PB 0x000000008a300000| Untracked 
| 164|0x000000008a400000, 0x000000008a400000, 0x000000008a500000|  0%| F|  |TAMS 0x000000008a400000| PB 0x000000008a400000| Untracked 
| 165|0x000000008a500000, 0x000000008a500000, 0x000000008a600000|  0%| F|  |TAMS 0x000000008a500000| PB 0x000000008a500000| Untracked 
| 166|0x000000008a600000, 0x000000008a600000, 0x000000008a700000|  0%| F|  |TAMS 0x000000008a600000| PB 0x000000008a600000| Untracked 
| 252|0x000000008fc00000, 0x000000008fc00000, 0x000000008fd00000|  0%| F|  |TAMS 0x000000008fc00000| PB 0x000000008fc00000| Untracked 
| 253|0x000000008fd00000, 0x000000008fd00000, 0x000000008fe00000|  0%| F|  |TAMS 0x000000008fd00000| PB 0x000000008fd00000| Untracked 
|2047|0x00000000fff00000, 0x0000000100000000, 0x0000000100000000|100%| O|  |TAMS 0x00000000fff00000| PB 0x00000000fff00000| Untracked 

Card table byte_map: [0x0000025f22cc0000,0x0000025f230c0000] _byte_map_base: 0x0000025f228c0000

Marking Bits: (CMBitMap*) 0x0000025f0b17bf50
 Bits: [0x0000025f230c0000, 0x0000025f250c0000)

Polling page: 0x0000025f0a8f0000

Metaspace:

Usage:
  Non-class:     71.78 MB used.
      Class:     11.12 MB used.
       Both:     82.90 MB used.

Virtual space:
  Non-class space:      128.00 MB reserved,      72.75 MB ( 57%) committed,  2 nodes.
      Class space:        1.00 GB reserved,      12.12 MB (  1%) committed,  1 nodes.
             Both:        1.12 GB reserved,      84.88 MB (  7%) committed. 

Chunk freelists:
   Non-Class:  6.66 MB
       Class:  3.84 MB
        Both:  10.50 MB

MaxMetaspaceSize: unlimited
CompressedClassSpaceSize: 1.00 GB
Initial GC threshold: 21.00 MB
Current GC threshold: 131.56 MB
CDS: on
 - commit_granule_bytes: 65536.
 - commit_granule_words: 8192.
 - virtual_space_node_default_size: 8388608.
 - enlarge_chunks_in_place: 1.
 - use_allocation_guard: 0.


Internal statistics:

num_allocs_failed_limit: 6.
num_arena_births: 3444.
num_arena_deaths: 0.
num_vsnodes_births: 3.
num_vsnodes_deaths: 0.
num_space_committed: 1356.
num_space_uncommitted: 0.
num_chunks_returned_to_freelist: 6.
num_chunks_taken_from_freelist: 6950.
num_chunk_merges: 6.
num_chunk_splits: 4842.
num_chunks_enlarged: 3276.
num_inconsistent_stats: 0.

CodeHeap 'non-profiled nmethods': size=120000Kb used=3790Kb max_used=3790Kb free=116210Kb
 bounds [0x0000025f1b050000, 0x0000025f1b410000, 0x0000025f22580000]
CodeHeap 'profiled nmethods': size=120000Kb used=13186Kb max_used=13186Kb free=106813Kb
 bounds [0x0000025f13580000, 0x0000025f14270000, 0x0000025f1aab0000]
CodeHeap 'non-nmethods': size=5760Kb used=3177Kb max_used=3177Kb free=2583Kb
 bounds [0x0000025f1aab0000, 0x0000025f1ade0000, 0x0000025f1b050000]
 total_blobs=7499 nmethods=6509 adapters=892
 compilation: enabled
              stopped_count=0, restarted_count=0
 full_count=0

Compilation events (20 events):
Event: 8.271 Thread 0x0000025f6d052780 nmethod 7625 0x0000025f1425c410 code [0x0000025f1425c5c0, 0x0000025f1425c740]
Event: 8.271 Thread 0x0000025f6d052780 7626       3       org.jetbrains.kotlin.com.intellij.util.keyFMap.EmptyFMap::get (10 bytes)
Event: 8.271 Thread 0x0000025f6d052780 nmethod 7626 0x0000025f1425c810 code [0x0000025f1425c9c0, 0x0000025f1425cb40]
Event: 8.272 Thread 0x0000025f6d052780 7627       3       org.jetbrains.kotlin.util.slicedMap.AbstractWritableSlice::getKey (8 bytes)
Event: 8.272 Thread 0x0000025f6d052780 nmethod 7627 0x0000025f1425cc10 code [0x0000025f1425cdc0, 0x0000025f1425cfa8]
Event: 8.272 Thread 0x0000025f6d052780 7628       3       org.jetbrains.kotlin.util.slicedMap.AbstractWritableSlice::getKey (2 bytes)
Event: 8.272 Thread 0x0000025f6d052780 nmethod 7628 0x0000025f1425d090 code [0x0000025f1425d220, 0x0000025f1425d330]
Event: 8.308 Thread 0x0000025f6d052780 7629       1       org.jetbrains.kotlin.com.intellij.psi.impl.source.SubstrateRef::getStub (2 bytes)
Event: 8.308 Thread 0x0000025f6d052780 nmethod 7629 0x0000025f1b3f7f10 code [0x0000025f1b3f80a0, 0x0000025f1b3f8170]
Event: 8.313 Thread 0x0000025f6d052780 7630       1       org.jetbrains.kotlin.cfg.ControlFlowInformationProviderImpl::access$getTrace$p (5 bytes)
Event: 8.313 Thread 0x0000025f6d052780 nmethod 7630 0x0000025f1b3f8210 code [0x0000025f1b3f83a0, 0x0000025f1b3f8450]
Event: 8.313 Thread 0x0000025f6d052780 7631       1       org.jetbrains.kotlin.util.slicedMap.RewritePolicy$1::rewriteProcessingNeeded (2 bytes)
Event: 8.313 Thread 0x0000025f6d052780 nmethod 7631 0x0000025f1b3f8510 code [0x0000025f1b3f86a0, 0x0000025f1b3f8768]
Event: 8.317 Thread 0x0000025f6d052780 7632       3       org.jetbrains.kotlin.cli.jvm.compiler.CliBindingTrace::get (110 bytes)
Event: 8.318 Thread 0x0000025f6d052780 nmethod 7632 0x0000025f1425d410 code [0x0000025f1425d880, 0x0000025f1425f738]
Event: 8.318 Thread 0x0000025f6d052780 7633       3       org.jetbrains.kotlin.resolve.BindingTraceContext::get (12 bytes)
Event: 8.318 Thread 0x0000025f6d052780 nmethod 7633 0x0000025f14260010 code [0x0000025f142601c0, 0x0000025f14260358]
Event: 8.321 Thread 0x0000025f6d052780 7634       3       org.jetbrains.kotlin.com.intellij.psi.impl.source.tree.CompositeElement::getFirstChildNode (5 bytes)
Event: 8.321 Thread 0x0000025f6d052780 nmethod 7634 0x0000025f14260490 code [0x0000025f14260640, 0x0000025f14260810]
Event: 8.333 Thread 0x0000025f6d018b20 nmethod 7559 0x0000025f1b3f8810 code [0x0000025f1b3f8fe0, 0x0000025f1b3ffab0]

GC Heap History (20 events):
Event: 4.991 GC heap after
{Heap after GC invocations=13 (full 0):
 garbage-first heap   total 104448K, used 57177K [0x0000000080000000, 0x0000000100000000)
  region size 1024K, 4 young (4096K), 4 survivors (4096K)
 Metaspace       used 49791K, committed 51392K, reserved 1114112K
  class space    used 7342K, committed 8128K, reserved 1048576K
}
Event: 5.443 GC heap before
{Heap before GC invocations=13 (full 0):
 garbage-first heap   total 104448K, used 97113K [0x0000000080000000, 0x0000000100000000)
  region size 1024K, 39 young (39936K), 4 survivors (4096K)
 Metaspace       used 55814K, committed 57344K, reserved 1114112K
  class space    used 8037K, committed 8768K, reserved 1048576K
}
Event: 5.447 GC heap after
{Heap after GC invocations=14 (full 0):
 garbage-first heap   total 104448K, used 62180K [0x0000000080000000, 0x0000000100000000)
  region size 1024K, 4 young (4096K), 4 survivors (4096K)
 Metaspace       used 55814K, committed 57344K, reserved 1114112K
  class space    used 8037K, committed 8768K, reserved 1048576K
}
Event: 5.747 GC heap before
{Heap before GC invocations=14 (full 0):
 garbage-first heap   total 104448K, used 82660K [0x0000000080000000, 0x0000000100000000)
  region size 1024K, 25 young (25600K), 4 survivors (4096K)
 Metaspace       used 59897K, committed 61504K, reserved 1114112K
  class space    used 8564K, committed 9344K, reserved 1048576K
}
Event: 5.750 GC heap after
{Heap after GC invocations=15 (full 0):
 garbage-first heap   total 104448K, used 62905K [0x0000000080000000, 0x0000000100000000)
  region size 1024K, 2 young (2048K), 2 survivors (2048K)
 Metaspace       used 59897K, committed 61504K, reserved 1114112K
  class space    used 8564K, committed 9344K, reserved 1048576K
}
Event: 5.921 GC heap before
{Heap before GC invocations=16 (full 0):
 garbage-first heap   total 117760K, used 100793K [0x0000000080000000, 0x0000000100000000)
  region size 1024K, 33 young (33792K), 2 survivors (2048K)
 Metaspace       used 60008K, committed 61632K, reserved 1114112K
  class space    used 8572K, committed 9344K, reserved 1048576K
}
Event: 5.928 GC heap after
{Heap after GC invocations=17 (full 0):
 garbage-first heap   total 117760K, used 72092K [0x0000000080000000, 0x0000000100000000)
  region size 1024K, 5 young (5120K), 5 survivors (5120K)
 Metaspace       used 60008K, committed 61632K, reserved 1114112K
  class space    used 8572K, committed 9344K, reserved 1048576K
}
Event: 6.250 GC heap before
{Heap before GC invocations=17 (full 0):
 garbage-first heap   total 117760K, used 102812K [0x0000000080000000, 0x0000000100000000)
  region size 1024K, 35 young (35840K), 5 survivors (5120K)
 Metaspace       used 63804K, committed 65472K, reserved 1114112K
  class space    used 8996K, committed 9792K, reserved 1048576K
}
Event: 6.255 GC heap after
{Heap after GC invocations=18 (full 0):
 garbage-first heap   total 117760K, used 73925K [0x0000000080000000, 0x0000000100000000)
  region size 1024K, 2 young (2048K), 2 survivors (2048K)
 Metaspace       used 63804K, committed 65472K, reserved 1114112K
  class space    used 8996K, committed 9792K, reserved 1048576K
}
Event: 6.298 GC heap before
{Heap before GC invocations=18 (full 0):
 garbage-first heap   total 117760K, used 78021K [0x0000000080000000, 0x0000000100000000)
  region size 1024K, 7 young (7168K), 2 survivors (2048K)
 Metaspace       used 64325K, committed 65920K, reserved 1114112K
  class space    used 9056K, committed 9792K, reserved 1048576K
}
Event: 6.300 GC heap after
{Heap after GC invocations=19 (full 0):
 garbage-first heap   total 117760K, used 74486K [0x0000000080000000, 0x0000000100000000)
  region size 1024K, 3 young (3072K), 3 survivors (3072K)
 Metaspace       used 64325K, committed 65920K, reserved 1114112K
  class space    used 9056K, committed 9792K, reserved 1048576K
}
Event: 6.638 GC heap before
{Heap before GC invocations=20 (full 0):
 garbage-first heap   total 143360K, used 112374K [0x0000000080000000, 0x0000000100000000)
  region size 1024K, 34 young (34816K), 3 survivors (3072K)
 Metaspace       used 68426K, committed 70016K, reserved 1114112K
  class space    used 9436K, committed 10176K, reserved 1048576K
}
Event: 6.641 GC heap after
{Heap after GC invocations=21 (full 0):
 garbage-first heap   total 143360K, used 83783K [0x0000000080000000, 0x0000000100000000)
  region size 1024K, 5 young (5120K), 5 survivors (5120K)
 Metaspace       used 68426K, committed 70016K, reserved 1114112K
  class space    used 9436K, committed 10176K, reserved 1048576K
}
Event: 7.110 GC heap before
{Heap before GC invocations=21 (full 0):
 garbage-first heap   total 143360K, used 124743K [0x0000000080000000, 0x0000000100000000)
  region size 1024K, 45 young (46080K), 5 survivors (5120K)
 Metaspace       used 73958K, committed 75904K, reserved 1114112K
  class space    used 10112K, committed 11072K, reserved 1048576K
}
Event: 7.114 GC heap after
{Heap after GC invocations=22 (full 0):
 garbage-first heap   total 143360K, used 86175K [0x0000000080000000, 0x0000000100000000)
  region size 1024K, 6 young (6144K), 6 survivors (6144K)
 Metaspace       used 73958K, committed 75904K, reserved 1114112K
  class space    used 10112K, committed 11072K, reserved 1048576K
}
Event: 7.540 GC heap before
{Heap before GC invocations=22 (full 0):
 garbage-first heap   total 143360K, used 118943K [0x0000000080000000, 0x0000000100000000)
  region size 1024K, 39 young (39936K), 6 survivors (6144K)
 Metaspace       used 78816K, committed 80768K, reserved 1179648K
  class space    used 10721K, committed 11648K, reserved 1048576K
}
Event: 7.544 GC heap after
{Heap after GC invocations=23 (full 0):
 garbage-first heap   total 143360K, used 89221K [0x0000000080000000, 0x0000000100000000)
  region size 1024K, 6 young (6144K), 6 survivors (6144K)
 Metaspace       used 78816K, committed 80768K, reserved 1179648K
  class space    used 10721K, committed 11648K, reserved 1048576K
}
Event: 7.821 GC heap before
{Heap before GC invocations=24 (full 0):
 garbage-first heap   total 174080K, used 128133K [0x0000000080000000, 0x0000000100000000)
  region size 1024K, 43 young (44032K), 6 survivors (6144K)
 Metaspace       used 79794K, committed 81792K, reserved 1179648K
  class space    used 10830K, committed 11776K, reserved 1048576K
}
Event: 7.825 GC heap after
{Heap after GC invocations=25 (full 0):
 garbage-first heap   total 174080K, used 91291K [0x0000000080000000, 0x0000000100000000)
  region size 1024K, 5 young (5120K), 5 survivors (5120K)
 Metaspace       used 79794K, committed 81792K, reserved 1179648K
  class space    used 10830K, committed 11776K, reserved 1048576K
}
Event: 8.379 GC heap before
{Heap before GC invocations=25 (full 0):
 garbage-first heap   total 174080K, used 149659K [0x0000000080000000, 0x0000000100000000)
  region size 1024K, 62 young (63488K), 5 survivors (5120K)
 Metaspace       used 84893K, committed 86912K, reserved 1179648K
  class space    used 11391K, committed 12416K, reserved 1048576K
}

Dll operation events (13 events):
Event: 0.006 Loaded shared library C:\Program Files\Java\jdk-21\bin\java.dll
Event: 0.044 Loaded shared library C:\Program Files\Java\jdk-21\bin\jsvml.dll
Event: 0.082 Loaded shared library C:\Program Files\Java\jdk-21\bin\net.dll
Event: 0.085 Loaded shared library C:\Program Files\Java\jdk-21\bin\nio.dll
Event: 0.091 Loaded shared library C:\Program Files\Java\jdk-21\bin\zip.dll
Event: 0.306 Loaded shared library C:\Program Files\Java\jdk-21\bin\jimage.dll
Event: 0.367 Loaded shared library C:\Program Files\Java\jdk-21\bin\verify.dll
Event: 0.491 Loaded shared library C:\Users\HP\.gradle\native\68d5fa5c4cc2d200863cafc0d521ce42e7d3e7ee720ec0a83991735586a16f82\windows-amd64\native-platform.dll
Event: 0.495 Loaded shared library C:\Users\HP\.gradle\native\e376f236ea51e6404a007f0833ffe2c6e607c4080706a723a18a27aeea778392\windows-amd64\native-platform-file-events.dll
Event: 1.114 Loaded shared library C:\Program Files\Java\jdk-21\bin\management.dll
Event: 1.117 Loaded shared library C:\Program Files\Java\jdk-21\bin\management_ext.dll
Event: 1.284 Loaded shared library C:\Program Files\Java\jdk-21\bin\extnet.dll
Event: 1.394 Loaded shared library C:\Program Files\Java\jdk-21\bin\sunmscapi.dll

Deoptimization events (20 events):
Event: 8.309 Thread 0x0000025f6ea538e0 Uncommon trap: trap_request=0xffffffde fr.pc=0x0000025f1b33c414 relative=0x0000000000000074
Event: 8.309 Thread 0x0000025f6ea538e0 Uncommon trap: reason=class_check action=maybe_recompile pc=0x0000025f1b33c414 method=java.util.Collections$UnmodifiableCollection.size()I @ 4 c2
Event: 8.309 Thread 0x0000025f6ea538e0 DEOPT PACKING pc=0x0000025f1b33c414 sp=0x000000cbb22f3600
Event: 8.309 Thread 0x0000025f6ea538e0 DEOPT UNPACKING pc=0x0000025f1ab07da2 sp=0x000000cbb22f3588 mode 2
Event: 8.310 Thread 0x0000025f6ea538e0 Uncommon trap: trap_request=0xffffffde fr.pc=0x0000025f1b33c414 relative=0x0000000000000074
Event: 8.310 Thread 0x0000025f6ea538e0 Uncommon trap: reason=class_check action=maybe_recompile pc=0x0000025f1b33c414 method=java.util.Collections$UnmodifiableCollection.size()I @ 4 c2
Event: 8.310 Thread 0x0000025f6ea538e0 DEOPT PACKING pc=0x0000025f1b33c414 sp=0x000000cbb22f3600
Event: 8.310 Thread 0x0000025f6ea538e0 DEOPT UNPACKING pc=0x0000025f1ab07da2 sp=0x000000cbb22f3588 mode 2
Event: 8.311 Thread 0x0000025f6ea538e0 Uncommon trap: trap_request=0xffffffc6 fr.pc=0x0000025f1b303664 relative=0x0000000000004564
Event: 8.311 Thread 0x0000025f6ea538e0 Uncommon trap: reason=bimorphic_or_optimized_type_check action=maybe_recompile pc=0x0000025f1b303664 method=kotlin.collections.CollectionsKt___CollectionsKt.toCollection(Ljava/lang/Iterable;Ljava/util/Collection;)Ljava/util/Collection; @ 38 c2
Event: 8.311 Thread 0x0000025f6ea538e0 DEOPT PACKING pc=0x0000025f1b303664 sp=0x000000cbb22f56f0
Event: 8.311 Thread 0x0000025f6ea538e0 DEOPT UNPACKING pc=0x0000025f1ab07da2 sp=0x000000cbb22f5728 mode 2
Event: 8.311 Thread 0x0000025f6ea538e0 Uncommon trap: trap_request=0xffffffc6 fr.pc=0x0000025f1b303664 relative=0x0000000000004564
Event: 8.311 Thread 0x0000025f6ea538e0 Uncommon trap: reason=bimorphic_or_optimized_type_check action=maybe_recompile pc=0x0000025f1b303664 method=kotlin.collections.CollectionsKt___CollectionsKt.toCollection(Ljava/lang/Iterable;Ljava/util/Collection;)Ljava/util/Collection; @ 38 c2
Event: 8.311 Thread 0x0000025f6ea538e0 DEOPT PACKING pc=0x0000025f1b303664 sp=0x000000cbb22f58b0
Event: 8.311 Thread 0x0000025f6ea538e0 DEOPT UNPACKING pc=0x0000025f1ab07da2 sp=0x000000cbb22f58e8 mode 2
Event: 8.311 Thread 0x0000025f6ea538e0 Uncommon trap: trap_request=0xffffffc6 fr.pc=0x0000025f1b303664 relative=0x0000000000004564
Event: 8.311 Thread 0x0000025f6ea538e0 Uncommon trap: reason=bimorphic_or_optimized_type_check action=maybe_recompile pc=0x0000025f1b303664 method=kotlin.collections.CollectionsKt___CollectionsKt.toCollection(Ljava/lang/Iterable;Ljava/util/Collection;)Ljava/util/Collection; @ 38 c2
Event: 8.311 Thread 0x0000025f6ea538e0 DEOPT PACKING pc=0x0000025f1b303664 sp=0x000000cbb22f5a80
Event: 8.311 Thread 0x0000025f6ea538e0 DEOPT UNPACKING pc=0x0000025f1ab07da2 sp=0x000000cbb22f5ab8 mode 2

Classes loaded (20 events):
Event: 5.942 Loading class sun/nio/ch/ChannelInputStream
Event: 5.942 Loading class sun/nio/ch/ChannelInputStream done
Event: 6.880 Loading class java/lang/invoke/BoundMethodHandle$Species_LLLLLLLLLLLLLLLLLLLLLLLLL
Event: 6.880 Loading class java/lang/invoke/BoundMethodHandle$Species_LLLLLLLLLLLLLLLLLLLLLLLLL done
Event: 7.161 Loading class java/text/StringCharacterIterator
Event: 7.161 Loading class java/text/CharacterIterator
Event: 7.161 Loading class java/text/CharacterIterator done
Event: 7.161 Loading class java/text/StringCharacterIterator done
Event: 7.185 Loading class java/io/NotSerializableException
Event: 7.185 Loading class java/io/NotSerializableException done
Event: 7.330 Loading class java/util/function/IntUnaryOperator
Event: 7.330 Loading class java/util/function/IntUnaryOperator done
Event: 7.357 Loading class java/util/AbstractList$SubList
Event: 7.357 Loading class java/util/AbstractList$SubList done
Event: 7.358 Loading class java/util/AbstractList$SubList$1
Event: 7.358 Loading class java/util/AbstractList$SubList$1 done
Event: 7.358 Loading class java/util/AbstractList$ListItr
Event: 7.358 Loading class java/util/AbstractList$ListItr done
Event: 8.089 Loading class java/util/AbstractList$RandomAccessSubList
Event: 8.089 Loading class java/util/AbstractList$RandomAccessSubList done

Classes unloaded (0 events):
No events

Classes redefined (0 events):
No events

Internal exceptions (20 events):
Event: 5.728 Thread 0x0000025f6ea538e0 Exception <a 'java/lang/NoSuchMethodError'{0x0000000085171050}: 'long java.lang.invoke.DirectMethodHandle$Holder.invokeStatic(java.lang.Object, java.lang.Object, int)'> (0x0000000085171050) 
thrown [s\open\src\hotspot\share\interpreter\linkResolver.cpp, line 773]
Event: 5.728 Thread 0x0000025f6ea538e0 Exception <a 'java/lang/NoSuchMethodError'{0x000000008517d458}: 'java.lang.Object java.lang.invoke.DelegatingMethodHandle$Holder.reinvoke_L(java.lang.Object, int, long, java.lang.Object, java.lang.Object, int, java.lang.Object)'> (0x000000008517d458) 
thrown [s\open\src\hotspot\share\interpreter\linkResolver.cpp, line 773]
Event: 5.776 Thread 0x0000025f6ea538e0 Implicit null exception at 0x0000025f1b249766 to 0x0000025f1b24a2ec
Event: 5.895 Thread 0x0000025f6ea538e0 Implicit null exception at 0x0000025f1b1fe627 to 0x0000025f1b1fed30
Event: 5.914 Thread 0x0000025f6ea538e0 Implicit null exception at 0x0000025f1b2c6a14 to 0x0000025f1b2c8b04
Event: 6.836 Thread 0x0000025f6ea538e0 Exception <a 'java/lang/NoSuchMethodError'{0x0000000087a08950}: 'java.lang.Object java.lang.invoke.DirectMethodHandle$Holder.newInvokeSpecial(java.lang.Object, java.lang.Object, java.lang.Object, java.lang.Object, java.lang.Object, java.lang.Object, java.lang.Object, java.lang.Object, java.lang.Object, java.lang.Object, java.lang.Object, java.lang.Object, java.lang.Object, java.lang.Object, java.lang.Object, java.lang.Object, java.lang.Object, java.lang.Object)'> (0x0000000087a08950) 
thrown [s\open\src\ho
Event: 6.845 Thread 0x0000025f6ea538e0 Exception <a 'java/lang/NoSuchMethodError'{0x0000000087ae84a0}: 'java.lang.Object java.lang.invoke.DirectMethodHandle$Holder.newInvokeSpecial(java.lang.Object, java.lang.Object, java.lang.Object, java.lang.Object, java.lang.Object, java.lang.Object, java.lang.Object, java.lang.Object, java.lang.Object, java.lang.Object, java.lang.Object, java.lang.Object, java.lang.Object, java.lang.Object, java.lang.Object, java.lang.Object, java.lang.Object, java.lang.Object, java.lang.Object, java.lang.Object, java.lang
Event: 6.855 Thread 0x0000025f6ea538e0 Exception <a 'java/lang/NoSuchMethodError'{0x00000000878b4898}: 'java.lang.Object java.lang.invoke.DirectMethodHandle$Holder.newInvokeSpecial(java.lang.Object, java.lang.Object, java.lang.Object, java.lang.Object, java.lang.Object, java.lang.Object, java.lang.Object, java.lang.Object, java.lang.Object, java.lang.Object, java.lang.Object, java.lang.Object, java.lang.Object, java.lang.Object, java.lang.Object, java.lang.Object, java.lang.Object, java.lang.Object, java.lang.Object, java.lang.Object)'> (0x0000
Event: 6.855 Thread 0x0000025f6ea538e0 Exception <a 'java/lang/NoSuchMethodError'{0x00000000878bba20}: 'java.lang.Object java.lang.invoke.DelegatingMethodHandle$Holder.reinvoke_L(java.lang.Object, java.lang.Object, java.lang.Object, java.lang.Object, java.lang.Object, java.lang.Object, java.lang.Object, java.lang.Object, java.lang.Object, java.lang.Object, java.lang.Object, java.lang.Object, java.lang.Object, java.lang.Object, java.lang.Object, java.lang.Object, java.lang.Object, java.lang.Object, java.lang.Object, java.lang.Object)'> (0x000000
Event: 6.867 Thread 0x0000025f6ea538e0 Exception <a 'java/lang/NoSuchMethodError'{0x0000000087689ed0}: 'java.lang.Object java.lang.invoke.DirectMethodHandle$Holder.newInvokeSpecial(java.lang.Object, java.lang.Object, java.lang.Object, java.lang.Object, java.lang.Object, java.lang.Object, java.lang.Object, java.lang.Object, java.lang.Object, java.lang.Object, java.lang.Object, java.lang.Object, java.lang.Object, java.lang.Object, java.lang.Object, java.lang.Object)'> (0x0000000087689ed0) 
thrown [s\open\src\hotspot\share\interpreter\linkResolver
Event: 6.868 Thread 0x0000025f6ea538e0 Exception <a 'java/lang/NoSuchMethodError'{0x0000000087690dc8}: 'java.lang.Object java.lang.invoke.DirectMethodHandle$Holder.invokeSpecial(java.lang.Object, java.lang.Object, java.lang.Object, java.lang.Object, java.lang.Object, java.lang.Object, java.lang.Object, java.lang.Object, java.lang.Object, java.lang.Object, java.lang.Object, java.lang.Object, java.lang.Object, java.lang.Object, java.lang.Object, java.lang.Object, java.lang.Object)'> (0x0000000087690dc8) 
thrown [s\open\src\hotspot\share\interpret
Event: 6.868 Thread 0x0000025f6ea538e0 Exception <a 'java/lang/NoSuchMethodError'{0x0000000087696c48}: 'java.lang.Object java.lang.invoke.DelegatingMethodHandle$Holder.reinvoke_L(java.lang.Object, java.lang.Object, java.lang.Object, java.lang.Object, java.lang.Object, java.lang.Object, java.lang.Object, java.lang.Object, java.lang.Object, java.lang.Object, java.lang.Object, java.lang.Object, java.lang.Object, java.lang.Object, java.lang.Object, java.lang.Object)'> (0x0000000087696c48) 
thrown [s\open\src\hotspot\share\interpreter\linkResolver.c
Event: 6.877 Thread 0x0000025f6ea538e0 Exception <a 'java/lang/NoSuchMethodError'{0x00000000875c9308}: 'java.lang.Object java.lang.invoke.DirectMethodHandle$Holder.newInvokeSpecial(java.lang.Object, java.lang.Object, java.lang.Object, java.lang.Object, java.lang.Object, java.lang.Object, java.lang.Object, java.lang.Object, java.lang.Object, java.lang.Object, java.lang.Object, java.lang.Object, java.lang.Object, java.lang.Object, java.lang.Object, java.lang.Object, java.lang.Object, java.lang.Object, java.lang.Object, java.lang.Object, java.lang
Event: 6.880 Thread 0x0000025f6ea538e0 Exception <a 'java/lang/NoSuchMethodError'{0x00000000874a0c00}: 'java.lang.Object java.lang.invoke.DirectMethodHandle$Holder.invokeStatic(java.lang.Object, java.lang.Object, java.lang.Object, java.lang.Object, java.lang.Object, java.lang.Object, java.lang.Object, java.lang.Object, java.lang.Object, java.lang.Object, java.lang.Object, java.lang.Object, java.lang.Object, java.lang.Object, java.lang.Object, java.lang.Object, java.lang.Object, java.lang.Object, java.lang.Object, java.lang.Object, java.lang.Obj
Event: 6.914 Thread 0x0000025f6ea538e0 Exception <a 'java/lang/NoSuchMethodError'{0x000000008723dec0}: 'java.lang.Object java.lang.invoke.DirectMethodHandle$Holder.newInvokeSpecial(java.lang.Object, java.lang.Object, java.lang.Object, java.lang.Object, java.lang.Object, java.lang.Object, java.lang.Object, java.lang.Object, java.lang.Object, java.lang.Object, java.lang.Object, java.lang.Object, java.lang.Object, java.lang.Object, java.lang.Object, java.lang.Object, java.lang.Object, java.lang.Object, java.lang.Object)'> (0x000000008723dec0) 
thr
Event: 6.915 Thread 0x0000025f6ea538e0 Exception <a 'java/lang/NoSuchMethodError'{0x0000000087245440}: 'java.lang.Object java.lang.invoke.DirectMethodHandle$Holder.invokeSpecial(java.lang.Object, java.lang.Object, java.lang.Object, java.lang.Object, java.lang.Object, java.lang.Object, java.lang.Object, java.lang.Object, java.lang.Object, java.lang.Object, java.lang.Object, java.lang.Object, java.lang.Object, java.lang.Object, java.lang.Object, java.lang.Object, java.lang.Object, java.lang.Object, java.lang.Object, java.lang.Object)'> (0x0000000
Event: 6.915 Thread 0x0000025f6ea538e0 Exception <a 'java/lang/NoSuchMethodError'{0x000000008724b740}: 'java.lang.Object java.lang.invoke.DelegatingMethodHandle$Holder.reinvoke_L(java.lang.Object, java.lang.Object, java.lang.Object, java.lang.Object, java.lang.Object, java.lang.Object, java.lang.Object, java.lang.Object, java.lang.Object, java.lang.Object, java.lang.Object, java.lang.Object, java.lang.Object, java.lang.Object, java.lang.Object, java.lang.Object, java.lang.Object, java.lang.Object, java.lang.Object)'> (0x000000008724b740) 
throw
Event: 7.372 Thread 0x0000025f6ea538e0 Exception <a 'java/lang/NoSuchMethodError'{0x00000000876c3658}: 'java.lang.Object java.lang.invoke.DirectMethodHandle$Holder.newInvokeSpecial(java.lang.Object, java.lang.Object, java.lang.Object, java.lang.Object, int)'> (0x00000000876c3658) 
thrown [s\open\src\hotspot\share\interpreter\linkResolver.cpp, line 773]
Event: 7.373 Thread 0x0000025f6ea538e0 Exception <a 'java/lang/NoSuchMethodError'{0x00000000876c93a0}: 'java.lang.Object java.lang.invoke.DirectMethodHandle$Holder.invokeSpecial(java.lang.Object, java.lang.Object, java.lang.Object, java.lang.Object, java.lang.Object, int)'> (0x00000000876c93a0) 
thrown [s\open\src\hotspot\share\interpreter\linkResolver.cpp, line 773]
Event: 7.373 Thread 0x0000025f6ea538e0 Exception <a 'java/lang/NoSuchMethodError'{0x00000000876ceab0}: 'java.lang.Object java.lang.invoke.Invokers$Holder.linkToTargetMethod(java.lang.Object, java.lang.Object, java.lang.Object, int, java.lang.Object)'> (0x00000000876ceab0) 
thrown [s\open\src\hotspot\share\interpreter\linkResolver.cpp, line 773]

ZGC Phase Switch (0 events):
No events

VM Operations (20 events):
Event: 7.070 Executing VM operation: HandshakeAllThreads (Deoptimize) done
Event: 7.109 Executing VM operation: G1CollectForAllocation (G1 Evacuation Pause)
Event: 7.115 Executing VM operation: G1CollectForAllocation (G1 Evacuation Pause) done
Event: 7.356 Executing VM operation: HandshakeAllThreads (Deoptimize)
Event: 7.356 Executing VM operation: HandshakeAllThreads (Deoptimize) done
Event: 7.358 Executing VM operation: HandshakeAllThreads (Deoptimize)
Event: 7.358 Executing VM operation: HandshakeAllThreads (Deoptimize) done
Event: 7.510 Executing VM operation: ICBufferFull
Event: 7.510 Executing VM operation: ICBufferFull done
Event: 7.540 Executing VM operation: G1TryInitiateConcMark (G1 Humongous Allocation)
Event: 7.544 Executing VM operation: G1TryInitiateConcMark (G1 Humongous Allocation) done
Event: 7.599 Executing VM operation: G1PauseRemark
Event: 7.604 Executing VM operation: G1PauseRemark done
Event: 7.631 Executing VM operation: G1PauseCleanup
Event: 7.631 Executing VM operation: G1PauseCleanup done
Event: 7.820 Executing VM operation: G1CollectForAllocation (G1 Evacuation Pause)
Event: 7.825 Executing VM operation: G1CollectForAllocation (G1 Evacuation Pause) done
Event: 8.079 Executing VM operation: ICBufferFull
Event: 8.079 Executing VM operation: ICBufferFull done
Event: 8.379 Executing VM operation: G1CollectForAllocation (G1 Evacuation Pause)

Events (20 events):
Event: 7.603 Thread 0x0000025f27b30630 flushing nmethod 0x0000025f1b1d8790
Event: 7.603 Thread 0x0000025f27b30630 flushing nmethod 0x0000025f1b0cdc10
Event: 7.603 Thread 0x0000025f27b30630 flushing nmethod 0x0000025f1b182c90
Event: 7.603 Thread 0x0000025f27b30630 flushing nmethod 0x0000025f1b15df10
Event: 7.603 Thread 0x0000025f27b30630 flushing nmethod 0x0000025f1b155390
Event: 7.603 Thread 0x0000025f27b30630 flushing nmethod 0x0000025f1b130710
Event: 7.603 Thread 0x0000025f27b30630 flushing nmethod 0x0000025f1b110f90
Event: 7.603 Thread 0x0000025f27b30630 flushing nmethod 0x0000025f1b114710
Event: 7.603 Thread 0x0000025f27b30630 flushing nmethod 0x0000025f1b0da510
Event: 7.603 Thread 0x0000025f27b30630 flushing nmethod 0x0000025f1b10e990
Event: 7.603 Thread 0x0000025f27b30630 flushing nmethod 0x0000025f1b0e2310
Event: 7.603 Thread 0x0000025f27b30630 flushing nmethod 0x0000025f1b0e1190
Event: 7.603 Thread 0x0000025f27b30630 flushing nmethod 0x0000025f1b098310
Event: 7.603 Thread 0x0000025f27b30630 flushing nmethod 0x0000025f1b0bcd90
Event: 7.603 Thread 0x0000025f27b30630 flushing nmethod 0x0000025f1b09f510
Event: 7.603 Thread 0x0000025f27b30630 flushing nmethod 0x0000025f1b0a1f10
Event: 7.603 Thread 0x0000025f27b30630 flushing nmethod 0x0000025f1b08de10
Event: 7.603 Thread 0x0000025f27b30630 flushing nmethod 0x0000025f1b08b990
Event: 7.603 Thread 0x0000025f27b30630 flushing nmethod 0x0000025f1b073510
Event: 7.603 Thread 0x0000025f27b30630 flushing nmethod 0x0000025f1b06f190


Dynamic libraries:
0x00007ff6081d0000 - 0x00007ff6081e0000 	C:\Program Files\Java\jdk-21\bin\java.exe
0x00007ffaa9fb0000 - 0x00007ffaaa1c4000 	C:\WINDOWS\SYSTEM32\ntdll.dll
0x00007ffaa85e0000 - 0x00007ffaa86a4000 	C:\WINDOWS\System32\KERNEL32.DLL
0x00007ffaa78f0000 - 0x00007ffaa7c94000 	C:\WINDOWS\System32\KERNELBASE.dll
0x00007ffaa7640000 - 0x00007ffaa7751000 	C:\WINDOWS\System32\ucrtbase.dll
0x00007ffa9fb30000 - 0x00007ffa9fb4b000 	C:\Program Files\Java\jdk-21\bin\VCRUNTIME140.dll
0x00007ffa9fb10000 - 0x00007ffa9fb29000 	C:\Program Files\Java\jdk-21\bin\jli.dll
0x00007ffaa7ea0000 - 0x00007ffaa7f50000 	C:\WINDOWS\System32\ADVAPI32.dll
0x00007ffaa8410000 - 0x00007ffaa84b7000 	C:\WINDOWS\System32\msvcrt.dll
0x00007ffaa9e00000 - 0x00007ffaa9ea6000 	C:\WINDOWS\System32\sechost.dll
0x00007ffaa88a0000 - 0x00007ffaa89b7000 	C:\WINDOWS\System32\RPCRT4.dll
0x00007ffaa8260000 - 0x00007ffaa840e000 	C:\WINDOWS\System32\USER32.dll
0x00007ffaa7420000 - 0x00007ffaa7446000 	C:\WINDOWS\System32\win32u.dll
0x00007ffa87440000 - 0x00007ffa876d3000 	C:\WINDOWS\WinSxS\amd64_microsoft.windows.common-controls_6595b64144ccf1df_6.0.22621.2215_none_270d72677387dfc3\COMCTL32.dll
0x00007ffaa9060000 - 0x00007ffaa9089000 	C:\WINDOWS\System32\GDI32.dll
0x00007ffaa7760000 - 0x00007ffaa7878000 	C:\WINDOWS\System32\gdi32full.dll
0x00007ffaa7ca0000 - 0x00007ffaa7d3a000 	C:\WINDOWS\System32\msvcp_win.dll
0x00007ffa93eb0000 - 0x00007ffa93eba000 	C:\WINDOWS\SYSTEM32\VERSION.dll
0x00007ffaa9f30000 - 0x00007ffaa9f61000 	C:\WINDOWS\System32\IMM32.DLL
0x00007ffa9fb00000 - 0x00007ffa9fb0c000 	C:\Program Files\Java\jdk-21\bin\vcruntime140_1.dll
0x00007ffa76800000 - 0x00007ffa7688e000 	C:\Program Files\Java\jdk-21\bin\msvcp140.dll
0x00007ffa51480000 - 0x00007ffa52193000 	C:\Program Files\Java\jdk-21\bin\server\jvm.dll
0x00007ffaa9eb0000 - 0x00007ffaa9f21000 	C:\WINDOWS\System32\WS2_32.dll
0x00007ffaa6210000 - 0x00007ffaa625d000 	C:\WINDOWS\SYSTEM32\POWRPROF.dll
0x00007ffa9add0000 - 0x00007ffa9ae04000 	C:\WINDOWS\SYSTEM32\WINMM.dll
0x00007ffaa61f0000 - 0x00007ffaa6203000 	C:\WINDOWS\SYSTEM32\UMPDC.dll
0x00007ffaa64a0000 - 0x00007ffaa64b8000 	C:\WINDOWS\SYSTEM32\kernel.appcore.dll
0x00007ffa9faf0000 - 0x00007ffa9fafa000 	C:\Program Files\Java\jdk-21\bin\jimage.dll
0x00007ffaa4cb0000 - 0x00007ffaa4ede000 	C:\WINDOWS\SYSTEM32\DBGHELP.DLL
0x00007ffaa9230000 - 0x00007ffaa95ba000 	C:\WINDOWS\System32\combase.dll
0x00007ffaa87c0000 - 0x00007ffaa8897000 	C:\WINDOWS\System32\OLEAUT32.dll
0x00007ffa92900000 - 0x00007ffa92932000 	C:\WINDOWS\SYSTEM32\dbgcore.DLL
0x00007ffaa7450000 - 0x00007ffaa74ca000 	C:\WINDOWS\System32\bcryptPrimitives.dll
0x00007ffa9fad0000 - 0x00007ffa9faef000 	C:\Program Files\Java\jdk-21\bin\java.dll
0x00007ffaa95c0000 - 0x00007ffaa9de3000 	C:\WINDOWS\System32\SHELL32.dll
0x00007ffaa52c0000 - 0x00007ffaa5baa000 	C:\WINDOWS\SYSTEM32\windows.storage.dll
0x00007ffaa5180000 - 0x00007ffaa52be000 	C:\WINDOWS\SYSTEM32\wintypes.dll
0x00007ffaa8ae0000 - 0x00007ffaa8bd3000 	C:\WINDOWS\System32\SHCORE.dll
0x00007ffaa81b0000 - 0x00007ffaa820e000 	C:\WINDOWS\System32\shlwapi.dll
0x00007ffaa7290000 - 0x00007ffaa72b6000 	C:\WINDOWS\SYSTEM32\profapi.dll
0x00007ffa759f0000 - 0x00007ffa75ac7000 	C:\Program Files\Java\jdk-21\bin\jsvml.dll
0x00007ffa9fab0000 - 0x00007ffa9fac0000 	C:\Program Files\Java\jdk-21\bin\net.dll
0x00007ffa9ddc0000 - 0x00007ffa9def7000 	C:\WINDOWS\SYSTEM32\WINHTTP.dll
0x00007ffaa6920000 - 0x00007ffaa6989000 	C:\WINDOWS\system32\mswsock.dll
0x00007ffa9e890000 - 0x00007ffa9e8a6000 	C:\Program Files\Java\jdk-21\bin\nio.dll
0x00007ffa928a0000 - 0x00007ffa928b8000 	C:\Program Files\Java\jdk-21\bin\zip.dll
0x00007ffa9faa0000 - 0x00007ffa9fab0000 	C:\Program Files\Java\jdk-21\bin\verify.dll
0x00007ffa9fb70000 - 0x00007ffa9fb97000 	C:\Users\HP\.gradle\native\68d5fa5c4cc2d200863cafc0d521ce42e7d3e7ee720ec0a83991735586a16f82\windows-amd64\native-platform.dll
0x00007ffa64ce0000 - 0x00007ffa64e24000 	C:\Users\HP\.gradle\native\e376f236ea51e6404a007f0833ffe2c6e607c4080706a723a18a27aeea778392\windows-amd64\native-platform-file-events.dll
0x00007ffa9e880000 - 0x00007ffa9e88a000 	C:\Program Files\Java\jdk-21\bin\management.dll
0x00007ffa92890000 - 0x00007ffa9289b000 	C:\Program Files\Java\jdk-21\bin\management_ext.dll
0x00007ffaa7d40000 - 0x00007ffaa7d48000 	C:\WINDOWS\System32\PSAPI.DLL
0x00007ffaa6b70000 - 0x00007ffaa6b8b000 	C:\WINDOWS\SYSTEM32\CRYPTSP.dll
0x00007ffaa6410000 - 0x00007ffaa6445000 	C:\WINDOWS\system32\rsaenh.dll
0x00007ffaa6a10000 - 0x00007ffaa6a3c000 	C:\WINDOWS\SYSTEM32\USERENV.dll
0x00007ffaa6d10000 - 0x00007ffaa6d38000 	C:\WINDOWS\SYSTEM32\bcrypt.dll
0x00007ffaa6b90000 - 0x00007ffaa6b9c000 	C:\WINDOWS\SYSTEM32\CRYPTBASE.dll
0x00007ffaa5e00000 - 0x00007ffaa5e2d000 	C:\WINDOWS\SYSTEM32\IPHLPAPI.DLL
0x00007ffaa9df0000 - 0x00007ffaa9df9000 	C:\WINDOWS\System32\NSI.dll
0x00007ffa8e010000 - 0x00007ffa8e017000 	C:\Program Files\Java\jdk-21\bin\extnet.dll
0x00007ffa8e000000 - 0x00007ffa8e00e000 	C:\Program Files\Java\jdk-21\bin\sunmscapi.dll
0x00007ffaa74d0000 - 0x00007ffaa7636000 	C:\WINDOWS\System32\CRYPT32.dll
0x00007ffaa6ce0000 - 0x00007ffaa6d0e000 	C:\WINDOWS\SYSTEM32\ncrypt.dll
0x00007ffaa6ca0000 - 0x00007ffaa6cd7000 	C:\WINDOWS\SYSTEM32\NTASN1.dll
0x00007ffa86360000 - 0x00007ffa86368000 	C:\WINDOWS\system32\wshunix.dll

dbghelp: loaded successfully - version: 4.0.5 - missing functions: none
symbol engine: initialized successfully - sym options: 0x614 - pdb path: .;C:\Program Files\Java\jdk-21\bin;C:\WINDOWS\SYSTEM32;C:\WINDOWS\WinSxS\amd64_microsoft.windows.common-controls_6595b64144ccf1df_6.0.22621.2215_none_270d72677387dfc3;C:\Program Files\Java\jdk-21\bin\server;C:\Users\HP\.gradle\native\68d5fa5c4cc2d200863cafc0d521ce42e7d3e7ee720ec0a83991735586a16f82\windows-amd64;C:\Users\HP\.gradle\native\e376f236ea51e6404a007f0833ffe2c6e607c4080706a723a18a27aeea778392\windows-amd64

VM Arguments:
jvm_args: --add-opens=java.base/java.util.concurrent.atomic=ALL-UNNAMED --add-opens=java.base/java.util=ALL-UNNAMED --add-opens=java.base/java.lang=ALL-UNNAMED --add-opens=java.base/java.lang.invoke=ALL-UNNAMED --add-opens=java.prefs/java.util.prefs=ALL-UNNAMED --add-opens=java.base/java.nio.charset=ALL-UNNAMED --add-opens=java.base/java.net=ALL-UNNAMED --add-opens=java.base/java.util.concurrent.atomic=ALL-UNNAMED -Xmx2048m -Dfile.encoding=UTF-8 -Duser.country=IN -Duser.language=en -Duser.variant 
java_command: org.gradle.launcher.daemon.bootstrap.GradleDaemon 8.0
java_class_path (initial): C:\Users\HP\.gradle\wrapper\dists\gradle-8.0-bin\ca5e32bp14vu59qr306oxotwh\gradle-8.0\lib\gradle-launcher-8.0.jar
Launcher Type: SUN_STANDARD

[Global flags]
     intx CICompilerCount                          = 4                                         {product} {ergonomic}
     uint ConcGCThreads                            = 2                                         {product} {ergonomic}
     uint G1ConcRefinementThreads                  = 8                                         {product} {ergonomic}
   size_t G1HeapRegionSize                         = 1048576                                   {product} {ergonomic}
    uintx GCDrainStackTargetSize                   = 64                                        {product} {ergonomic}
   size_t InitialHeapSize                          = 266338304                                 {product} {ergonomic}
   size_t MarkStackSize                            = 4194304                                   {product} {ergonomic}
   size_t MaxHeapSize                              = 2147483648                                {product} {command line}
   size_t MaxNewSize                               = 1287651328                                {product} {ergonomic}
   size_t MinHeapDeltaBytes                        = 1048576                                   {product} {ergonomic}
   size_t MinHeapSize                              = 8388608                                   {product} {ergonomic}
    uintx NonNMethodCodeHeapSize                   = 5839372                                {pd product} {ergonomic}
    uintx NonProfiledCodeHeapSize                  = 122909434                              {pd product} {ergonomic}
    uintx ProfiledCodeHeapSize                     = 122909434                              {pd product} {ergonomic}
    uintx ReservedCodeCacheSize                    = 251658240                              {pd product} {ergonomic}
     bool SegmentedCodeCache                       = true                                      {product} {ergonomic}
   size_t SoftMaxHeapSize                          = 2147483648                             {manageable} {ergonomic}
     bool UseCompressedOops                        = true                           {product lp64_product} {ergonomic}
     bool UseG1GC                                  = true                                      {product} {ergonomic}
     bool UseLargePagesIndividualAllocation        = false                                  {pd product} {ergonomic}

Logging:
Log output configuration:
 #0: stdout all=warning uptime,level,tags foldmultilines=false
 #1: stderr all=off uptime,level,tags foldmultilines=false

Environment Variables:
PATH=C:\Program Files\Common Files\Oracle\Java\javapath;C:\Program Files (x86)\Common Files\Oracle\Java\javapath;C:\SQL\WINDOWS.X64_193000_db_home\bin;C:\Program Files (x86)\VMware\VMware Workstation\bin\;C:\ProgramData\Oracle\Java\javapath;C:\BlueJ\jdk\bin;C:\windows\system32;C:\windows;C:\windows\System32\Wbem;C:\windows\System32\WindowsPowerShell\v1.0\;C:\windows\System32\OpenSSH\;C:\Program Files (x86)\NVIDIA Corporation\PhysX\Common;C:\Program Files\NVIDIA Corporation\NVIDIA NvDLISR;C:\MinGW\bin;C:\WINDOWS\system32;C:\WINDOWS;C:\WINDOWS\System32\Wbem;C:\WINDOWS\System32\WindowsPowerShell\v1.0\;C:\WINDOWS\System32\OpenSSH\;C:\mongodb-win32-x86_64-windows-6.0.3\bin;C:\mongosh-1.6.1-win32-x64\bin;C:\GnuWin32\bin;C:\Dev-Cpp\TDM-GCC-64\bin;C:\Users\HP\AppData\Local\Programs\Python\Python310\Scripts\;C:\Users\HP\AppData\Local\Programs\Python\Python310\;C:\Users\HP\AppData\Local\Microsoft\WindowsApps;C:\Users\HP\AppData\Local\Programs\Microsoft VS Code\bin;C:\Users\HP\AppData\Local\GitHubDesktop\bin;C:\mongodb-win32-x86_64-windows-6.0.3\bin;C:\mongosh-1.6.1-win32-x64\bin;C:\Users\HP\Downloads\kotlin-compiler-1.8.10\kotlinc\bin;
USERNAME=HP
OS=Windows_NT
PROCESSOR_IDENTIFIER=Intel64 Family 6 Model 140 Stepping 1, GenuineIntel
TMP=C:\Users\HP\AppData\Local\Temp
TEMP=C:\Users\HP\AppData\Local\Temp




---------------  S Y S T E M  ---------------

OS:
 Windows 11 , 64 bit Build 22621 (10.0.22621.2215)
OS uptime: 0 days 0:15 hours
Hyper-V role detected

CPU: total 8 (initial active 8) (4 cores per cpu, 2 threads per core) family 6 model 140 stepping 1 microcode 0xac, cx8, cmov, fxsr, ht, mmx, 3dnowpref, sse, sse2, sse3, ssse3, sse4.1, sse4.2, popcnt, lzcnt, tsc, tscinvbit, avx, avx2, aes, erms, clmul, bmi1, bmi2, adx, avx512f, avx512dq, avx512cd, avx512bw, avx512vl, sha, fma, vzeroupper, avx512_vpopcntdq, avx512_vpclmulqdq, avx512_vaes, avx512_vnni, clflush, clflushopt, clwb, avx512_vbmi2, avx512_vbmi, hv, rdtscp, rdpid, fsrm, gfni, avx512_bitalg, f16c, cet_ibt, cet_ss, avx512_ifma
Processor Information for all 8 processors :
  Max Mhz: 2419, Current Mhz: 2419, Mhz Limit: 2419

Memory: 4k page, system-wide physical 16149M (4510M free)
TotalPageFile size 20245M (AvailPageFile size 35M)
current process WorkingSet (physical memory assigned to process): 415M, peak: 415M
current process commit charge ("private bytes"): 457M, peak: 491M

vm_info: Java HotSpot(TM) 64-Bit Server VM (21+35-LTS-2513) for windows-amd64 JRE (21+35-LTS-2513), built on 2023-08-09T20:25:10Z by "mach5one" with MS VC++ 17.1 (VS2022)

END.
